{"/home/travis/build/npmtest/node-npmtest-doiuse/test.js":{"path":"/home/travis/build/npmtest/node-npmtest-doiuse/test.js","s":{"1":2,"2":2,"3":2,"4":2,"5":2,"6":2,"7":2,"8":1,"9":2,"10":2,"11":1,"12":1,"13":1,"14":1,"15":2,"16":2,"17":2,"18":2,"19":1,"20":1,"21":2,"22":2,"23":2,"24":1,"25":1,"26":1,"27":1,"28":1,"29":1,"30":1,"31":1,"32":1,"33":1,"34":1,"35":1,"36":1,"37":1,"38":1,"39":2,"40":2,"41":1,"42":2,"43":2,"44":1,"45":2,"46":2,"47":1,"48":2,"49":2,"50":1,"51":1,"52":1,"53":1,"54":1},"b":{"1":[2,1,1,1],"2":[1,1,1,1],"3":[1,1],"4":[1,1],"5":[1,1],"6":[1,1],"7":[1,1],"8":[1,1],"9":[1,1],"10":[1,1,1],"11":[1,1],"12":[1,1],"13":[1,1],"14":[1,1],"15":[1,1],"16":[1,1],"17":[1,1]},"f":{"1":2,"2":2,"3":2,"4":2,"5":2,"6":1,"7":1,"8":1,"9":2,"10":2,"11":2,"12":2,"13":1},"fnMap":{"1":{"name":"(anonymous_1)","line":12,"loc":{"start":{"line":12,"column":1},"end":{"line":12,"column":13}}},"2":{"name":"(anonymous_2)","line":19,"loc":{"start":{"line":19,"column":5},"end":{"line":19,"column":17}}},"3":{"name":"(anonymous_3)","line":23,"loc":{"start":{"line":23,"column":24},"end":{"line":23,"column":36}}},"4":{"name":"(anonymous_4)","line":61,"loc":{"start":{"line":61,"column":5},"end":{"line":61,"column":17}}},"5":{"name":"(anonymous_5)","line":82,"loc":{"start":{"line":82,"column":5},"end":{"line":82,"column":17}}},"6":{"name":"(anonymous_6)","line":91,"loc":{"start":{"line":91,"column":77},"end":{"line":94,"column":10}}},"7":{"name":"(anonymous_7)","line":112,"loc":{"start":{"line":112,"column":83},"end":{"line":115,"column":10}},"skip":true},"8":{"name":"(anonymous_8)","line":123,"loc":{"start":{"line":123,"column":77},"end":{"line":126,"column":10}},"skip":true},"9":{"name":"(anonymous_9)","line":139,"loc":{"start":{"line":139,"column":12},"end":{"line":139,"column":40}},"skip":true},"10":{"name":"(anonymous_10)","line":147,"loc":{"start":{"line":147,"column":77},"end":{"line":150,"column":10}},"skip":true},"11":{"name":"(anonymous_11)","line":158,"loc":{"start":{"line":158,"column":83},"end":{"line":161,"column":10}},"skip":true},"12":{"name":"(anonymous_12)","line":169,"loc":{"start":{"line":169,"column":79},"end":{"line":172,"column":10}},"skip":true},"13":{"name":"(anonymous_13)","line":180,"loc":{"start":{"line":180,"column":75},"end":{"line":183,"column":10}},"skip":true}},"statementMap":{"1":{"start":{"line":12,"column":0},"end":{"line":195,"column":5}},"2":{"start":{"line":14,"column":4},"end":{"line":14,"column":14}},"3":{"start":{"line":19,"column":4},"end":{"line":56,"column":9}},"4":{"start":{"line":21,"column":8},"end":{"line":21,"column":19}},"5":{"start":{"line":23,"column":8},"end":{"line":35,"column":13}},"6":{"start":{"line":24,"column":12},"end":{"line":34,"column":13}},"7":{"start":{"line":25,"column":16},"end":{"line":28,"column":30}},"8":{"start":{"line":30,"column":16},"end":{"line":33,"column":27}},"9":{"start":{"line":37,"column":8},"end":{"line":39,"column":21}},"10":{"start":{"line":40,"column":8},"end":{"line":53,"column":9}},"11":{"start":{"line":43,"column":12},"end":{"line":46,"column":14}},"12":{"start":{"line":47,"column":12},"end":{"line":47,"column":18}},"13":{"start":{"line":50,"column":12},"end":{"line":51,"column":46}},"14":{"start":{"line":52,"column":12},"end":{"line":52,"column":18}},"15":{"start":{"line":55,"column":8},"end":{"line":55,"column":35}},"16":{"start":{"line":61,"column":4},"end":{"line":63,"column":9}},"17":{"start":{"line":62,"column":8},"end":{"line":62,"column":15}},"18":{"start":{"line":64,"column":4},"end":{"line":77,"column":5}},"19":{"start":{"line":70,"column":8},"end":{"line":70,"column":14}},"20":{"start":{"line":76,"column":8},"end":{"line":76,"column":14}},"21":{"start":{"line":82,"column":4},"end":{"line":84,"column":9}},"22":{"start":{"line":83,"column":8},"end":{"line":83,"column":15}},"23":{"start":{"line":85,"column":4},"end":{"line":194,"column":5}},"24":{"start":{"line":91,"column":8},"end":{"line":99,"column":10}},"25":{"start":{"line":98,"column":12},"end":{"line":98,"column":35}},"26":{"start":{"line":102,"column":8},"end":{"line":104,"column":63}},"27":{"start":{"line":105,"column":8},"end":{"line":105,"column":14}},"28":{"start":{"line":112,"column":8},"end":{"line":121,"column":10},"skip":true},"29":{"start":{"line":119,"column":12},"end":{"line":119,"column":55},"skip":true},"30":{"start":{"line":120,"column":12},"end":{"line":120,"column":48},"skip":true},"31":{"start":{"line":123,"column":8},"end":{"line":136,"column":10},"skip":true},"32":{"start":{"line":130,"column":12},"end":{"line":130,"column":76},"skip":true},"33":{"start":{"line":131,"column":12},"end":{"line":131,"column":73},"skip":true},"34":{"start":{"line":132,"column":12},"end":{"line":132,"column":74},"skip":true},"35":{"start":{"line":133,"column":12},"end":{"line":133,"column":79},"skip":true},"36":{"start":{"line":134,"column":12},"end":{"line":134,"column":25},"skip":true},"37":{"start":{"line":135,"column":12},"end":{"line":135,"column":45},"skip":true},"38":{"start":{"line":138,"column":8},"end":{"line":145,"column":14},"skip":true},"39":{"start":{"line":143,"column":16},"end":{"line":143,"column":29},"skip":true},"40":{"start":{"line":144,"column":16},"end":{"line":144,"column":55},"skip":true},"41":{"start":{"line":147,"column":8},"end":{"line":156,"column":10},"skip":true},"42":{"start":{"line":154,"column":12},"end":{"line":154,"column":25},"skip":true},"43":{"start":{"line":155,"column":12},"end":{"line":155,"column":45},"skip":true},"44":{"start":{"line":158,"column":8},"end":{"line":167,"column":10},"skip":true},"45":{"start":{"line":165,"column":12},"end":{"line":165,"column":25},"skip":true},"46":{"start":{"line":166,"column":12},"end":{"line":166,"column":48},"skip":true},"47":{"start":{"line":169,"column":8},"end":{"line":178,"column":10},"skip":true},"48":{"start":{"line":176,"column":12},"end":{"line":176,"column":25},"skip":true},"49":{"start":{"line":177,"column":12},"end":{"line":177,"column":46},"skip":true},"50":{"start":{"line":180,"column":8},"end":{"line":189,"column":10},"skip":true},"51":{"start":{"line":187,"column":12},"end":{"line":187,"column":94},"skip":true},"52":{"start":{"line":188,"column":12},"end":{"line":188,"column":48},"skip":true},"53":{"start":{"line":192,"column":8},"end":{"line":192,"column":35},"skip":true},"54":{"start":{"line":193,"column":8},"end":{"line":193,"column":14},"skip":true}},"branchMap":{"1":{"line":25,"type":"binary-expr","locations":[{"start":{"line":25,"column":23},"end":{"line":25,"column":62}},{"start":{"line":26,"column":20},"end":{"line":26,"column":70}},{"start":{"line":27,"column":20},"end":{"line":27,"column":71}},{"start":{"line":28,"column":20},"end":{"line":28,"column":29}}]},"2":{"line":30,"type":"binary-expr","locations":[{"start":{"line":30,"column":23},"end":{"line":30,"column":37}},{"start":{"line":31,"column":20},"end":{"line":31,"column":61}},{"start":{"line":32,"column":20},"end":{"line":32,"column":70}},{"start":{"line":33,"column":20},"end":{"line":33,"column":26}}]},"3":{"line":37,"type":"cond-expr","locations":[{"start":{"line":38,"column":14},"end":{"line":38,"column":20}},{"start":{"line":39,"column":14},"end":{"line":39,"column":20}}]},"4":{"line":40,"type":"switch","locations":[{"start":{"line":42,"column":8},"end":{"line":47,"column":18}},{"start":{"line":49,"column":8},"end":{"line":52,"column":18}}]},"5":{"line":44,"type":"binary-expr","locations":[{"start":{"line":44,"column":16},"end":{"line":44,"column":44}},{"start":{"line":44,"column":48},"end":{"line":44,"column":66}}]},"6":{"line":50,"type":"binary-expr","locations":[{"start":{"line":50,"column":21},"end":{"line":50,"column":49}},{"start":{"line":50,"column":53},"end":{"line":50,"column":72}}]},"7":{"line":64,"type":"switch","locations":[{"start":{"line":69,"column":4},"end":{"line":70,"column":14}},{"start":{"line":75,"column":4},"end":{"line":76,"column":14}}]},"8":{"line":85,"type":"switch","locations":[{"start":{"line":90,"column":4},"end":{"line":105,"column":14}},{"start":{"line":111,"column":4},"end":{"line":193,"column":14},"skip":true}]},"9":{"line":91,"type":"binary-expr","locations":[{"start":{"line":91,"column":42},"end":{"line":91,"column":73}},{"start":{"line":91,"column":77},"end":{"line":99,"column":9}}]},"10":{"line":102,"type":"binary-expr","locations":[{"start":{"line":102,"column":18},"end":{"line":102,"column":32}},{"start":{"line":103,"column":12},"end":{"line":103,"column":53}},{"start":{"line":104,"column":12},"end":{"line":104,"column":61}}]},"11":{"line":112,"type":"binary-expr","locations":[{"start":{"line":112,"column":45},"end":{"line":112,"column":79},"skip":true},{"start":{"line":112,"column":83},"end":{"line":121,"column":9},"skip":true}]},"12":{"line":123,"type":"binary-expr","locations":[{"start":{"line":123,"column":42},"end":{"line":123,"column":73},"skip":true},{"start":{"line":123,"column":77},"end":{"line":136,"column":9},"skip":true}]},"13":{"line":138,"type":"binary-expr","locations":[{"start":{"line":138,"column":48},"end":{"line":138,"column":85},"skip":true},{"start":{"line":139,"column":12},"end":{"line":145,"column":13},"skip":true}]},"14":{"line":147,"type":"binary-expr","locations":[{"start":{"line":147,"column":42},"end":{"line":147,"column":73},"skip":true},{"start":{"line":147,"column":77},"end":{"line":156,"column":9},"skip":true}]},"15":{"line":158,"type":"binary-expr","locations":[{"start":{"line":158,"column":45},"end":{"line":158,"column":79},"skip":true},{"start":{"line":158,"column":83},"end":{"line":167,"column":9},"skip":true}]},"16":{"line":169,"type":"binary-expr","locations":[{"start":{"line":169,"column":43},"end":{"line":169,"column":75},"skip":true},{"start":{"line":169,"column":79},"end":{"line":178,"column":9},"skip":true}]},"17":{"line":180,"type":"binary-expr","locations":[{"start":{"line":180,"column":41},"end":{"line":180,"column":71},"skip":true},{"start":{"line":180,"column":75},"end":{"line":189,"column":9},"skip":true}]}},"code":["/* istanbul instrument in package npmtest_doiuse */","/*jslint","    bitwise: true,","    browser: true,","    maxerr: 8,","    maxlen: 96,","    node: true,","    nomen: true,","    regexp: true,","    stupid: true","*/","(function () {","    'use strict';","    var local;","","","","    // run shared js-env code - pre-init","    (function () {","        // init local","        local = {};","        // init modeJs","        local.modeJs = (function () {","            try {","                return typeof navigator.userAgent === 'string' &&","                    typeof document.querySelector('body') === 'object' &&","                    typeof XMLHttpRequest.prototype.open === 'function' &&","                    'browser';","            } catch (errorCaughtBrowser) {","                return module.exports &&","                    typeof process.versions.node === 'string' &&","                    typeof require('http').createServer === 'function' &&","                    'node';","            }","        }());","        // init global","        local.global = local.modeJs === 'browser'","            ? window","            : global;","        switch (local.modeJs) {","        // re-init local from window.local","        case 'browser':","            local = local.global.utility2.objectSetDefault(","                local.global.utility2_rollup || local.global.local,","                local.global.utility2","            );","            break;","        // re-init local from example.js","        case 'node':","            local = (local.global.utility2_rollup || require('utility2'))","                .requireExampleJsFromReadme();","            break;","        }","        // export local","        local.global.local = local;","    }());","","","","    // run shared js-env code - function","    (function () {","        return;","    }());","    switch (local.modeJs) {","","","","    // run browser js-env code - function","    case 'browser':","        break;","","","","    // run node js-env code - function","    case 'node':","        break;","    }","","","","    // run shared js-env code - post-init","    (function () {","        return;","    }());","    switch (local.modeJs) {","","","","    // run browser js-env code - post-init","    case 'browser':","        local.testCase_browser_nullCase = local.testCase_browser_nullCase || function (","            options,","            onError","        ) {","        /*","         * this function will test browsers's null-case handling-behavior-behavior","         */","            onError(null, options);","        };","","        // run tests","        local.nop(local.modeTest &&","            document.querySelector('#testRunButton1') &&","            document.querySelector('#testRunButton1').click());","        break;","","","","    // run node js-env code - post-init","    /* istanbul ignore next */","    case 'node':","        local.testCase_buildApidoc_default = local.testCase_buildApidoc_default || function (","            options,","            onError","        ) {","        /*","         * this function will test buildApidoc's default handling-behavior-behavior","         */","            options = { modulePathList: module.paths };","            local.buildApidoc(options, onError);","        };","","        local.testCase_buildApp_default = local.testCase_buildApp_default || function (","            options,","            onError","        ) {","        /*","         * this function will test buildApp's default handling-behavior-behavior","         */","            local.testCase_buildReadme_default(options, local.onErrorThrow);","            local.testCase_buildLib_default(options, local.onErrorThrow);","            local.testCase_buildTest_default(options, local.onErrorThrow);","            local.testCase_buildCustomOrg_default(options, local.onErrorThrow);","            options = [];","            local.buildApp(options, onError);","        };","","        local.testCase_buildCustomOrg_default = local.testCase_buildCustomOrg_default ||","            function (options, onError) {","            /*","             * this function will test buildCustomOrg's default handling-behavior","             */","                options = {};","                local.buildCustomOrg(options, onError);","            };","","        local.testCase_buildLib_default = local.testCase_buildLib_default || function (","            options,","            onError","        ) {","        /*","         * this function will test buildLib's default handling-behavior","         */","            options = {};","            local.buildLib(options, onError);","        };","","        local.testCase_buildReadme_default = local.testCase_buildReadme_default || function (","            options,","            onError","        ) {","        /*","         * this function will test buildReadme's default handling-behavior-behavior","         */","            options = {};","            local.buildReadme(options, onError);","        };","","        local.testCase_buildTest_default = local.testCase_buildTest_default || function (","            options,","            onError","        ) {","        /*","         * this function will test buildTest's default handling-behavior","         */","            options = {};","            local.buildTest(options, onError);","        };","","        local.testCase_webpage_default = local.testCase_webpage_default || function (","            options,","            onError","        ) {","        /*","         * this function will test webpage's default handling-behavior","         */","            options = { modeCoverageMerge: true, url: local.serverLocalHost + '?modeTest=1' };","            local.browserTest(options, onError);","        };","","        // run test-server","        local.testRunServer(local);","        break;","    }","}());",""],"l":{"12":2,"14":2,"19":2,"21":2,"23":2,"24":2,"25":2,"30":1,"37":2,"40":2,"43":1,"47":1,"50":1,"52":1,"55":2,"61":2,"62":2,"64":2,"70":1,"76":1,"82":2,"83":2,"85":2,"91":1,"98":1,"102":1,"105":1,"112":1,"119":1,"120":1,"123":1,"130":1,"131":1,"132":1,"133":1,"134":1,"135":1,"138":1,"143":2,"144":2,"147":1,"154":2,"155":2,"158":1,"165":2,"166":2,"169":1,"176":2,"177":2,"180":1,"187":1,"188":1,"192":1,"193":1}},"/home/travis/build/npmtest/node-npmtest-doiuse/lib.npmtest_doiuse.js":{"path":"/home/travis/build/npmtest/node-npmtest-doiuse/lib.npmtest_doiuse.js","s":{"1":2,"2":2,"3":2,"4":2,"5":2,"6":2,"7":2,"8":1,"9":2,"10":2,"11":2,"12":2,"13":1,"14":1,"15":1,"16":1},"b":{"1":[2,1,1,1],"2":[1,1,1,1],"3":[1,1],"4":[2,2],"5":[1,1]},"f":{"1":2,"2":2,"3":2},"fnMap":{"1":{"name":"(anonymous_1)","line":12,"loc":{"start":{"line":12,"column":1},"end":{"line":12,"column":13}}},"2":{"name":"(anonymous_2)","line":19,"loc":{"start":{"line":19,"column":5},"end":{"line":19,"column":17}}},"3":{"name":"(anonymous_3)","line":23,"loc":{"start":{"line":23,"column":24},"end":{"line":23,"column":36}}}},"statementMap":{"1":{"start":{"line":12,"column":0},"end":{"line":53,"column":5}},"2":{"start":{"line":14,"column":4},"end":{"line":14,"column":14}},"3":{"start":{"line":19,"column":4},"end":{"line":52,"column":9}},"4":{"start":{"line":21,"column":8},"end":{"line":21,"column":19}},"5":{"start":{"line":23,"column":8},"end":{"line":35,"column":13}},"6":{"start":{"line":24,"column":12},"end":{"line":34,"column":13}},"7":{"start":{"line":25,"column":16},"end":{"line":28,"column":30}},"8":{"start":{"line":30,"column":16},"end":{"line":33,"column":27}},"9":{"start":{"line":37,"column":8},"end":{"line":39,"column":21}},"10":{"start":{"line":41,"column":8},"end":{"line":41,"column":54}},"11":{"start":{"line":43,"column":8},"end":{"line":43,"column":51}},"12":{"start":{"line":45,"column":8},"end":{"line":51,"column":9}},"13":{"start":{"line":46,"column":12},"end":{"line":46,"column":57}},"14":{"start":{"line":48,"column":12},"end":{"line":48,"column":35}},"15":{"start":{"line":49,"column":12},"end":{"line":49,"column":49}},"16":{"start":{"line":50,"column":12},"end":{"line":50,"column":43}}},"branchMap":{"1":{"line":25,"type":"binary-expr","locations":[{"start":{"line":25,"column":23},"end":{"line":25,"column":62}},{"start":{"line":26,"column":20},"end":{"line":26,"column":70}},{"start":{"line":27,"column":20},"end":{"line":27,"column":71}},{"start":{"line":28,"column":20},"end":{"line":28,"column":29}}]},"2":{"line":30,"type":"binary-expr","locations":[{"start":{"line":30,"column":23},"end":{"line":30,"column":37}},{"start":{"line":31,"column":20},"end":{"line":31,"column":61}},{"start":{"line":32,"column":20},"end":{"line":32,"column":70}},{"start":{"line":33,"column":20},"end":{"line":33,"column":26}}]},"3":{"line":37,"type":"cond-expr","locations":[{"start":{"line":38,"column":14},"end":{"line":38,"column":20}},{"start":{"line":39,"column":14},"end":{"line":39,"column":20}}]},"4":{"line":41,"type":"binary-expr","locations":[{"start":{"line":41,"column":16},"end":{"line":41,"column":44}},{"start":{"line":41,"column":48},"end":{"line":41,"column":53}}]},"5":{"line":45,"type":"if","locations":[{"start":{"line":45,"column":8},"end":{"line":45,"column":8}},{"start":{"line":45,"column":8},"end":{"line":45,"column":8}}]}},"code":["/* istanbul instrument in package npmtest_doiuse */","/*jslint","    bitwise: true,","    browser: true,","    maxerr: 8,","    maxlen: 96,","    node: true,","    nomen: true,","    regexp: true,","    stupid: true","*/","(function () {","    'use strict';","    var local;","","","","    // run shared js-env code - pre-init","    (function () {","        // init local","        local = {};","        // init modeJs","        local.modeJs = (function () {","            try {","                return typeof navigator.userAgent === 'string' &&","                    typeof document.querySelector('body') === 'object' &&","                    typeof XMLHttpRequest.prototype.open === 'function' &&","                    'browser';","            } catch (errorCaughtBrowser) {","                return module.exports &&","                    typeof process.versions.node === 'string' &&","                    typeof require('http').createServer === 'function' &&","                    'node';","            }","        }());","        // init global","        local.global = local.modeJs === 'browser'","            ? window","            : global;","        // init utility2_rollup","        local = local.global.utility2_rollup || local;","        // init lib","        local.local = local.npmtest_doiuse = local;","        // init exports","        if (local.modeJs === 'browser') {","            local.global.utility2_npmtest_doiuse = local;","        } else {","            module.exports = local;","            module.exports.__dirname = __dirname;","            module.exports.module = module;","        }","    }());","}());",""],"l":{"12":2,"14":2,"19":2,"21":2,"23":2,"24":2,"25":2,"30":1,"37":2,"41":2,"43":2,"45":2,"46":1,"48":1,"49":1,"50":1}},"/home/travis/build/npmtest/node-npmtest-doiuse/example.js":{"path":"/home/travis/build/npmtest/node-npmtest-doiuse/example.js","s":{"1":2,"2":2,"3":2,"4":2,"5":2,"6":2,"7":2,"8":1,"9":2,"10":2,"11":2,"12":2,"13":1,"14":2,"15":2,"16":2,"17":2,"18":2,"19":0,"20":2,"21":1,"22":1,"23":1,"24":1,"25":1,"26":0,"27":0,"28":1,"29":1,"30":2,"31":0,"32":0,"33":0,"34":1,"35":2,"36":2,"37":3,"38":3,"39":3,"40":3,"41":0,"42":3,"43":3,"44":3,"45":1,"46":3,"47":1,"48":1,"49":1,"50":1,"51":1,"52":1,"53":1,"54":1,"55":1,"56":1,"57":0,"58":1,"59":6,"60":6,"61":1,"62":2,"63":0,"64":2,"65":1,"66":1,"67":0,"68":0,"69":0,"70":0,"71":0,"72":0,"73":0,"74":0,"75":0,"76":0,"77":0,"78":0,"79":0,"80":0,"81":0,"82":0,"83":0},"b":{"1":[2,1,1,1],"2":[1,1,1,1],"3":[1,1],"4":[2,2],"5":[1,1],"6":[1,1],"7":[2,0],"8":[2,1,1,1,1,1],"9":[0,2,0],"10":[1,1],"11":[2,1,1],"12":[1,0],"13":[0,2],"14":[2,0,0,0,0,0,0],"15":[0,3],"16":[3,0],"17":[1,1],"18":[0,1],"19":[1,2,0,2],"20":[1,0],"21":[1,1],"22":[0,0],"23":[0,0],"24":[0,0],"25":[0,0],"26":[0,0],"27":[0,0],"28":[0,0]},"f":{"1":2,"2":2,"3":2,"4":2,"5":2,"6":2,"7":3,"8":3,"9":3,"10":1,"11":6,"12":0},"fnMap":{"1":{"name":"(anonymous_1)","line":26,"loc":{"start":{"line":26,"column":1},"end":{"line":26,"column":13}}},"2":{"name":"(anonymous_2)","line":33,"loc":{"start":{"line":33,"column":5},"end":{"line":33,"column":17}}},"3":{"name":"(anonymous_3)","line":37,"loc":{"start":{"line":37,"column":24},"end":{"line":37,"column":36}}},"4":{"name":"(anonymous_4)","line":69,"loc":{"start":{"line":69,"column":31},"end":{"line":69,"column":48}},"skip":true},"5":{"name":"(anonymous_5)","line":78,"loc":{"start":{"line":78,"column":26},"end":{"line":78,"column":45}},"skip":true},"6":{"name":"(anonymous_6)","line":123,"loc":{"start":{"line":123,"column":33},"end":{"line":123,"column":48}},"skip":true},"7":{"name":"(anonymous_7)","line":125,"loc":{"start":{"line":125,"column":27},"end":{"line":125,"column":39}},"skip":true},"8":{"name":"(anonymous_8)","line":133,"loc":{"start":{"line":133,"column":59},"end":{"line":133,"column":74}},"skip":true},"9":{"name":"(anonymous_9)","line":143,"loc":{"start":{"line":143,"column":45},"end":{"line":143,"column":62}},"skip":true},"10":{"name":"(anonymous_10)","line":144,"loc":{"start":{"line":144,"column":73},"end":{"line":144,"column":92}},"skip":true},"11":{"name":"(anonymous_11)","line":272,"loc":{"start":{"line":272,"column":51},"end":{"line":272,"column":77}},"skip":true},"12":{"name":"(anonymous_12)","line":315,"loc":{"start":{"line":315,"column":32},"end":{"line":315,"column":61}},"skip":true}},"statementMap":{"1":{"start":{"line":26,"column":0},"end":{"line":326,"column":5}},"2":{"start":{"line":28,"column":4},"end":{"line":28,"column":14}},"3":{"start":{"line":33,"column":4},"end":{"line":60,"column":9}},"4":{"start":{"line":35,"column":8},"end":{"line":35,"column":19}},"5":{"start":{"line":37,"column":8},"end":{"line":49,"column":13}},"6":{"start":{"line":38,"column":12},"end":{"line":48,"column":13}},"7":{"start":{"line":39,"column":16},"end":{"line":42,"column":30}},"8":{"start":{"line":44,"column":16},"end":{"line":47,"column":27}},"9":{"start":{"line":51,"column":8},"end":{"line":53,"column":21}},"10":{"start":{"line":55,"column":8},"end":{"line":57,"column":45}},"11":{"start":{"line":59,"column":8},"end":{"line":59,"column":35}},"12":{"start":{"line":61,"column":4},"end":{"line":325,"column":5}},"13":{"start":{"line":69,"column":8},"end":{"line":121,"column":10},"skip":true},"14":{"start":{"line":70,"column":12},"end":{"line":88,"column":13},"skip":true},"15":{"start":{"line":76,"column":16},"end":{"line":87,"column":19},"skip":true},"16":{"start":{"line":79,"column":20},"end":{"line":86,"column":21},"skip":true},"17":{"start":{"line":82,"column":24},"end":{"line":82,"column":43},"skip":true},"18":{"start":{"line":83,"column":24},"end":{"line":83,"column":30},"skip":true},"19":{"start":{"line":85,"column":24},"end":{"line":85,"column":49},"skip":true},"20":{"start":{"line":89,"column":12},"end":{"line":107,"column":13},"skip":true},"21":{"start":{"line":92,"column":16},"end":{"line":102,"column":17},"skip":true},"22":{"start":{"line":93,"column":20},"end":{"line":93,"column":86},"skip":true},"23":{"start":{"line":94,"column":20},"end":{"line":95,"column":45},"skip":true},"24":{"start":{"line":96,"column":20},"end":{"line":96,"column":42},"skip":true},"25":{"start":{"line":97,"column":20},"end":{"line":97,"column":48},"skip":true},"26":{"start":{"line":100,"column":20},"end":{"line":100,"column":85},"skip":true},"27":{"start":{"line":101,"column":20},"end":{"line":101,"column":96},"skip":true},"28":{"start":{"line":103,"column":16},"end":{"line":103,"column":22},"skip":true},"29":{"start":{"line":106,"column":16},"end":{"line":106,"column":22},"skip":true},"30":{"start":{"line":108,"column":12},"end":{"line":120,"column":13},"skip":true},"31":{"start":{"line":114,"column":16},"end":{"line":119,"column":17},"skip":true},"32":{"start":{"line":116,"column":20},"end":{"line":116,"column":78},"skip":true},"33":{"start":{"line":118,"column":20},"end":{"line":118,"column":47},"skip":true},"34":{"start":{"line":123,"column":8},"end":{"line":141,"column":11},"skip":true},"35":{"start":{"line":124,"column":12},"end":{"line":124,"column":54},"skip":true},"36":{"start":{"line":125,"column":12},"end":{"line":140,"column":14},"skip":true},"37":{"start":{"line":126,"column":16},"end":{"line":126,"column":28},"skip":true},"38":{"start":{"line":127,"column":16},"end":{"line":127,"column":69},"skip":true},"39":{"start":{"line":128,"column":16},"end":{"line":128,"column":75},"skip":true},"40":{"start":{"line":129,"column":16},"end":{"line":131,"column":17},"skip":true},"41":{"start":{"line":130,"column":20},"end":{"line":130,"column":27},"skip":true},"42":{"start":{"line":133,"column":16},"end":{"line":137,"column":36},"skip":true},"43":{"start":{"line":134,"column":20},"end":{"line":136,"column":55},"skip":true},"44":{"start":{"line":139,"column":16},"end":{"line":139,"column":57},"skip":true},"45":{"start":{"line":143,"column":8},"end":{"line":147,"column":11},"skip":true},"46":{"start":{"line":144,"column":12},"end":{"line":146,"column":15},"skip":true},"47":{"start":{"line":145,"column":16},"end":{"line":145,"column":70},"skip":true},"48":{"start":{"line":149,"column":8},"end":{"line":149,"column":31},"skip":true},"49":{"start":{"line":150,"column":8},"end":{"line":150,"column":14},"skip":true},"50":{"start":{"line":158,"column":8},"end":{"line":158,"column":31},"skip":true},"51":{"start":{"line":160,"column":8},"end":{"line":160,"column":33},"skip":true},"52":{"start":{"line":161,"column":8},"end":{"line":161,"column":37},"skip":true},"53":{"start":{"line":162,"column":8},"end":{"line":162,"column":35},"skip":true},"54":{"start":{"line":164,"column":8},"end":{"line":164,"column":50},"skip":true},"55":{"start":{"line":166,"column":8},"end":{"line":256,"column":2},"skip":true},"56":{"start":{"line":258,"column":8},"end":{"line":286,"column":9},"skip":true},"57":{"start":{"line":259,"column":12},"end":{"line":269,"column":14},"skip":true},"58":{"start":{"line":271,"column":12},"end":{"line":285,"column":19},"skip":true},"59":{"start":{"line":274,"column":20},"end":{"line":274,"column":35},"skip":true},"60":{"start":{"line":275,"column":20},"end":{"line":284,"column":21},"skip":true},"61":{"start":{"line":277,"column":24},"end":{"line":277,"column":64},"skip":true},"62":{"start":{"line":279,"column":24},"end":{"line":279,"column":40},"skip":true},"63":{"start":{"line":281,"column":24},"end":{"line":281,"column":40},"skip":true},"64":{"start":{"line":283,"column":24},"end":{"line":283,"column":39},"skip":true},"65":{"start":{"line":288,"column":8},"end":{"line":290,"column":9},"skip":true},"66":{"start":{"line":289,"column":12},"end":{"line":289,"column":18},"skip":true},"67":{"start":{"line":291,"column":8},"end":{"line":293,"column":54},"skip":true},"68":{"start":{"line":296,"column":8},"end":{"line":301,"column":37},"skip":true},"69":{"start":{"line":303,"column":8},"end":{"line":303,"column":82},"skip":true},"70":{"start":{"line":306,"column":8},"end":{"line":308,"column":9},"skip":true},"71":{"start":{"line":307,"column":12},"end":{"line":307,"column":82},"skip":true},"72":{"start":{"line":310,"column":8},"end":{"line":312,"column":9},"skip":true},"73":{"start":{"line":311,"column":12},"end":{"line":311,"column":18},"skip":true},"74":{"start":{"line":313,"column":8},"end":{"line":313,"column":54},"skip":true},"75":{"start":{"line":314,"column":8},"end":{"line":314,"column":69},"skip":true},"76":{"start":{"line":315,"column":8},"end":{"line":323,"column":36},"skip":true},"77":{"start":{"line":316,"column":12},"end":{"line":316,"column":61},"skip":true},"78":{"start":{"line":317,"column":12},"end":{"line":320,"column":13},"skip":true},"79":{"start":{"line":318,"column":16},"end":{"line":318,"column":75},"skip":true},"80":{"start":{"line":319,"column":16},"end":{"line":319,"column":23},"skip":true},"81":{"start":{"line":321,"column":12},"end":{"line":321,"column":38},"skip":true},"82":{"start":{"line":322,"column":12},"end":{"line":322,"column":27},"skip":true},"83":{"start":{"line":324,"column":8},"end":{"line":324,"column":14},"skip":true}},"branchMap":{"1":{"line":39,"type":"binary-expr","locations":[{"start":{"line":39,"column":23},"end":{"line":39,"column":62}},{"start":{"line":40,"column":20},"end":{"line":40,"column":70}},{"start":{"line":41,"column":20},"end":{"line":41,"column":71}},{"start":{"line":42,"column":20},"end":{"line":42,"column":29}}]},"2":{"line":44,"type":"binary-expr","locations":[{"start":{"line":44,"column":23},"end":{"line":44,"column":37}},{"start":{"line":45,"column":20},"end":{"line":45,"column":61}},{"start":{"line":46,"column":20},"end":{"line":46,"column":70}},{"start":{"line":47,"column":20},"end":{"line":47,"column":26}}]},"3":{"line":51,"type":"cond-expr","locations":[{"start":{"line":52,"column":14},"end":{"line":52,"column":20}},{"start":{"line":53,"column":14},"end":{"line":53,"column":20}}]},"4":{"line":55,"type":"binary-expr","locations":[{"start":{"line":55,"column":16},"end":{"line":55,"column":44}},{"start":{"line":55,"column":49},"end":{"line":57,"column":43}}]},"5":{"line":55,"type":"cond-expr","locations":[{"start":{"line":56,"column":14},"end":{"line":56,"column":50}},{"start":{"line":57,"column":14},"end":{"line":57,"column":43}}]},"6":{"line":61,"type":"switch","locations":[{"start":{"line":68,"column":4},"end":{"line":150,"column":14},"skip":true},{"start":{"line":156,"column":4},"end":{"line":324,"column":14},"skip":true}]},"7":{"line":70,"type":"if","locations":[{"start":{"line":70,"column":12},"end":{"line":70,"column":12},"skip":true},{"start":{"line":70,"column":12},"end":{"line":70,"column":12},"skip":true}]},"8":{"line":70,"type":"binary-expr","locations":[{"start":{"line":70,"column":16},"end":{"line":70,"column":22},"skip":true},{"start":{"line":70,"column":27},"end":{"line":70,"column":32},"skip":true},{"start":{"line":71,"column":20},"end":{"line":71,"column":39},"skip":true},{"start":{"line":72,"column":20},"end":{"line":72,"column":49},"skip":true},{"start":{"line":73,"column":20},"end":{"line":73,"column":58},"skip":true},{"start":{"line":74,"column":20},"end":{"line":74,"column":69},"skip":true}]},"9":{"line":79,"type":"switch","locations":[{"start":{"line":80,"column":20},"end":{"line":80,"column":33},"skip":true},{"start":{"line":81,"column":20},"end":{"line":83,"column":30},"skip":true},{"start":{"line":84,"column":20},"end":{"line":85,"column":49},"skip":true}]},"10":{"line":89,"type":"switch","locations":[{"start":{"line":90,"column":12},"end":{"line":103,"column":22},"skip":true},{"start":{"line":105,"column":12},"end":{"line":106,"column":22},"skip":true}]},"11":{"line":89,"type":"binary-expr","locations":[{"start":{"line":89,"column":20},"end":{"line":89,"column":25},"skip":true},{"start":{"line":89,"column":29},"end":{"line":89,"column":48},"skip":true},{"start":{"line":89,"column":52},"end":{"line":89,"column":74},"skip":true}]},"12":{"line":92,"type":"if","locations":[{"start":{"line":92,"column":16},"end":{"line":92,"column":16},"skip":true},{"start":{"line":92,"column":16},"end":{"line":92,"column":16},"skip":true}]},"13":{"line":108,"type":"if","locations":[{"start":{"line":108,"column":12},"end":{"line":108,"column":12},"skip":true},{"start":{"line":108,"column":12},"end":{"line":108,"column":12},"skip":true}]},"14":{"line":108,"type":"binary-expr","locations":[{"start":{"line":108,"column":16},"end":{"line":108,"column":61},"skip":true},{"start":{"line":108,"column":66},"end":{"line":108,"column":72},"skip":true},{"start":{"line":108,"column":77},"end":{"line":108,"column":82},"skip":true},{"start":{"line":109,"column":20},"end":{"line":109,"column":39},"skip":true},{"start":{"line":110,"column":20},"end":{"line":110,"column":49},"skip":true},{"start":{"line":111,"column":20},"end":{"line":111,"column":58},"skip":true},{"start":{"line":112,"column":20},"end":{"line":112,"column":68},"skip":true}]},"15":{"line":129,"type":"if","locations":[{"start":{"line":129,"column":16},"end":{"line":129,"column":16},"skip":true},{"start":{"line":129,"column":16},"end":{"line":129,"column":16},"skip":true}]},"16":{"line":134,"type":"cond-expr","locations":[{"start":{"line":135,"column":26},"end":{"line":135,"column":29},"skip":true},{"start":{"line":136,"column":26},"end":{"line":136,"column":54},"skip":true}]},"17":{"line":164,"type":"binary-expr","locations":[{"start":{"line":164,"column":27},"end":{"line":164,"column":43},"skip":true},{"start":{"line":164,"column":47},"end":{"line":164,"column":49},"skip":true}]},"18":{"line":258,"type":"if","locations":[{"start":{"line":258,"column":8},"end":{"line":258,"column":8},"skip":true},{"start":{"line":258,"column":8},"end":{"line":258,"column":8},"skip":true}]},"19":{"line":275,"type":"switch","locations":[{"start":{"line":276,"column":20},"end":{"line":277,"column":64},"skip":true},{"start":{"line":278,"column":20},"end":{"line":279,"column":40},"skip":true},{"start":{"line":280,"column":20},"end":{"line":281,"column":40},"skip":true},{"start":{"line":282,"column":20},"end":{"line":283,"column":39},"skip":true}]},"20":{"line":288,"type":"if","locations":[{"start":{"line":288,"column":8},"end":{"line":288,"column":8},"skip":true},{"start":{"line":288,"column":8},"end":{"line":288,"column":8},"skip":true}]},"21":{"line":288,"type":"binary-expr","locations":[{"start":{"line":288,"column":12},"end":{"line":288,"column":40},"skip":true},{"start":{"line":288,"column":44},"end":{"line":288,"column":67},"skip":true}]},"22":{"line":292,"type":"binary-expr","locations":[{"start":{"line":292,"column":12},"end":{"line":292,"column":50},"skip":true},{"start":{"line":293,"column":12},"end":{"line":293,"column":53},"skip":true}]},"23":{"line":297,"type":"binary-expr","locations":[{"start":{"line":297,"column":12},"end":{"line":297,"column":64},"skip":true},{"start":{"line":298,"column":12},"end":{"line":301,"column":36},"skip":true}]},"24":{"line":303,"type":"binary-expr","locations":[{"start":{"line":303,"column":43},"end":{"line":303,"column":75},"skip":true},{"start":{"line":303,"column":79},"end":{"line":303,"column":81},"skip":true}]},"25":{"line":306,"type":"if","locations":[{"start":{"line":306,"column":8},"end":{"line":306,"column":8},"skip":true},{"start":{"line":306,"column":8},"end":{"line":306,"column":8},"skip":true}]},"26":{"line":310,"type":"if","locations":[{"start":{"line":310,"column":8},"end":{"line":310,"column":8},"skip":true},{"start":{"line":310,"column":8},"end":{"line":310,"column":8},"skip":true}]},"27":{"line":313,"type":"binary-expr","locations":[{"start":{"line":313,"column":27},"end":{"line":313,"column":43},"skip":true},{"start":{"line":313,"column":47},"end":{"line":313,"column":53},"skip":true}]},"28":{"line":317,"type":"if","locations":[{"start":{"line":317,"column":12},"end":{"line":317,"column":12},"skip":true},{"start":{"line":317,"column":12},"end":{"line":317,"column":12},"skip":true}]}},"code":["/*","example.js","","quickstart example","","instruction","    1. save this script as example.js","    2. run the shell command:","        $ npm install npmtest-doiuse && PORT=8081 node example.js","    3. play with the browser-demo on http://127.0.0.1:8081","*/","","","","/* istanbul instrument in package npmtest_doiuse */","/*jslint","    bitwise: true,","    browser: true,","    maxerr: 8,","    maxlen: 96,","    node: true,","    nomen: true,","    regexp: true,","    stupid: true","*/","(function () {","    'use strict';","    var local;","","","","    // run shared js-env code - pre-init","    (function () {","        // init local","        local = {};","        // init modeJs","        local.modeJs = (function () {","            try {","                return typeof navigator.userAgent === 'string' &&","                    typeof document.querySelector('body') === 'object' &&","                    typeof XMLHttpRequest.prototype.open === 'function' &&","                    'browser';","            } catch (errorCaughtBrowser) {","                return module.exports &&","                    typeof process.versions.node === 'string' &&","                    typeof require('http').createServer === 'function' &&","                    'node';","            }","        }());","        // init global","        local.global = local.modeJs === 'browser'","            ? window","            : global;","        // init utility2_rollup","        local = local.global.utility2_rollup || (local.modeJs === 'browser'","            ? local.global.utility2_npmtest_doiuse","            : global.utility2_moduleExports);","        // export local","        local.global.local = local;","    }());","    switch (local.modeJs) {","","","","    // post-init","    // run browser js-env code - post-init","    /* istanbul ignore next */","    case 'browser':","        local.testRunBrowser = function (event) {","            if (!event || (event &&","                    event.currentTarget &&","                    event.currentTarget.className &&","                    event.currentTarget.className.includes &&","                    event.currentTarget.className.includes('onreset'))) {","                // reset output","                Array.from(","                    document.querySelectorAll('body > .resettable')","                ).forEach(function (element) {","                    switch (element.tagName) {","                    case 'INPUT':","                    case 'TEXTAREA':","                        element.value = '';","                        break;","                    default:","                        element.textContent = '';","                    }","                });","            }","            switch (event && event.currentTarget && event.currentTarget.id) {","            case 'testRunButton1':","                // show tests","                if (document.querySelector('#testReportDiv1').style.display === 'none') {","                    document.querySelector('#testReportDiv1').style.display = 'block';","                    document.querySelector('#testRunButton1').textContent =","                        'hide internal test';","                    local.modeTest = true;","                    local.testRunDefault(local);","                // hide tests","                } else {","                    document.querySelector('#testReportDiv1').style.display = 'none';","                    document.querySelector('#testRunButton1').textContent = 'run internal test';","                }","                break;","            // custom-case","            default:","                break;","            }","            if (document.querySelector('#inputTextareaEval1') && (!event || (event &&","                    event.currentTarget &&","                    event.currentTarget.className &&","                    event.currentTarget.className.includes &&","                    event.currentTarget.className.includes('oneval')))) {","                // try to eval input-code","                try {","                    /*jslint evil: true*/","                    eval(document.querySelector('#inputTextareaEval1').value);","                } catch (errorCaught) {","                    console.error(errorCaught);","                }","            }","        };","        // log stderr and stdout to #outputTextareaStdout1","        ['error', 'log'].forEach(function (key) {","            console[key + '_original'] = console[key];","            console[key] = function () {","                var element;","                console[key + '_original'].apply(console, arguments);","                element = document.querySelector('#outputTextareaStdout1');","                if (!element) {","                    return;","                }","                // append text to #outputTextareaStdout1","                element.value += Array.from(arguments).map(function (arg) {","                    return typeof arg === 'string'","                        ? arg","                        : JSON.stringify(arg, null, 4);","                }).join(' ') + '\\n';","                // scroll textarea to bottom","                element.scrollTop = element.scrollHeight;","            };","        });","        // init event-handling","        ['change', 'click', 'keyup'].forEach(function (event) {","            Array.from(document.querySelectorAll('.on' + event)).forEach(function (element) {","                element.addEventListener(event, local.testRunBrowser);","            });","        });","        // run tests","        local.testRunBrowser();","        break;","","","","    // run node js-env code - post-init","    /* istanbul ignore next */","    case 'node':","        // export local","        module.exports = local;","        // require modules","        local.fs = require('fs');","        local.http = require('http');","        local.url = require('url');","        // init assets","        local.assetsDict = local.assetsDict || {};","        /* jslint-ignore-begin */","        local.assetsDict['/assets.index.template.html'] = '\\","<!doctype html>\\n\\","<html lang=\"en\">\\n\\","<head>\\n\\","<meta charset=\"UTF-8\">\\n\\","<meta name=\"viewport\" content=\"width=device-width, initial-scale=1\">\\n\\","<title>{{env.npm_package_name}} (v{{env.npm_package_version}})</title>\\n\\","<style>\\n\\","/*csslint\\n\\","    box-sizing: false,\\n\\","    universal-selector: false\\n\\","*/\\n\\","* {\\n\\","    box-sizing: border-box;\\n\\","}\\n\\","body {\\n\\","    background: #dde;\\n\\","    font-family: Arial, Helvetica, sans-serif;\\n\\","    margin: 2rem;\\n\\","}\\n\\","body > * {\\n\\","    margin-bottom: 1rem;\\n\\","}\\n\\",".utility2FooterDiv {\\n\\","    margin-top: 20px;\\n\\","    text-align: center;\\n\\","}\\n\\","</style>\\n\\","<style>\\n\\","/*csslint\\n\\","*/\\n\\","textarea {\\n\\","    font-family: monospace;\\n\\","    height: 10rem;\\n\\","    width: 100%;\\n\\","}\\n\\","textarea[readonly] {\\n\\","    background: #ddd;\\n\\","}\\n\\","</style>\\n\\","</head>\\n\\","<body>\\n\\","<!-- utility2-comment\\n\\","<div id=\"ajaxProgressDiv1\" style=\"background: #d00; height: 2px; left: 0; margin: 0; padding: 0; position: fixed; top: 0; transition: background 0.5s, width 1.5s; width: 25%;\"></div>\\n\\","utility2-comment -->\\n\\","<h1>\\n\\","<!-- utility2-comment\\n\\","    <a\\n\\","        {{#if env.npm_package_homepage}}\\n\\","        href=\"{{env.npm_package_homepage}}\"\\n\\","        {{/if env.npm_package_homepage}}\\n\\","        target=\"_blank\"\\n\\","    >\\n\\","utility2-comment -->\\n\\","        {{env.npm_package_name}} (v{{env.npm_package_version}})\\n\\","<!-- utility2-comment\\n\\","    </a>\\n\\","utility2-comment -->\\n\\","</h1>\\n\\","<h3>{{env.npm_package_description}}</h3>\\n\\","<!-- utility2-comment\\n\\","<h4><a download href=\"assets.app.js\">download standalone app</a></h4>\\n\\","<button class=\"onclick onreset\" id=\"testRunButton1\">run internal test</button><br>\\n\\","<div id=\"testReportDiv1\" style=\"display: none;\"></div>\\n\\","utility2-comment -->\\n\\","\\n\\","\\n\\","\\n\\","<label>stderr and stdout</label>\\n\\","<textarea class=\"resettable\" id=\"outputTextareaStdout1\" readonly></textarea>\\n\\","<!-- utility2-comment\\n\\","{{#if isRollup}}\\n\\","<script src=\"assets.app.js\"></script>\\n\\","{{#unless isRollup}}\\n\\","utility2-comment -->\\n\\","<script src=\"assets.utility2.rollup.js\"></script>\\n\\","<script src=\"jsonp.utility2._stateInit?callback=window.utility2._stateInit\"></script>\\n\\","<script src=\"assets.npmtest_doiuse.rollup.js\"></script>\\n\\","<script src=\"assets.example.js\"></script>\\n\\","<script src=\"assets.test.js\"></script>\\n\\","<!-- utility2-comment\\n\\","{{/if isRollup}}\\n\\","utility2-comment -->\\n\\","<div class=\"utility2FooterDiv\">\\n\\","    [ this app was created with\\n\\","    <a href=\"https://github.com/kaizhu256/node-utility2\" target=\"_blank\">utility2</a>\\n\\","    ]\\n\\","</div>\\n\\","</body>\\n\\","</html>\\n\\","';","        /* jslint-ignore-end */","        if (local.templateRender) {","            local.assetsDict['/'] = local.templateRender(","                local.assetsDict['/assets.index.template.html'],","                {","                    env: local.objectSetDefault(local.env, {","                        npm_package_description: 'the greatest app in the world!',","                        npm_package_name: 'my-app',","                        npm_package_nameAlias: 'my_app',","                        npm_package_version: '0.0.1'","                    })","                }","            );","        } else {","            local.assetsDict['/'] = local.assetsDict['/assets.index.template.html']","                .replace((/\\{\\{env\\.(\\w+?)\\}\\}/g), function (match0, match1) {","                    // jslint-hack","                    String(match0);","                    switch (match1) {","                    case 'npm_package_description':","                        return 'the greatest app in the world!';","                    case 'npm_package_name':","                        return 'my-app';","                    case 'npm_package_nameAlias':","                        return 'my_app';","                    case 'npm_package_version':","                        return '0.0.1';","                    }","                });","        }","        // run the cli","        if (local.global.utility2_rollup || module !== require.main) {","            break;","        }","        local.assetsDict['/assets.example.js'] =","            local.assetsDict['/assets.example.js'] ||","            local.fs.readFileSync(__filename, 'utf8');","        // bug-workaround - long $npm_package_buildCustomOrg","        /* jslint-ignore-begin */","        local.assetsDict['/assets.npmtest_doiuse.rollup.js'] =","            local.assetsDict['/assets.npmtest_doiuse.rollup.js'] ||","            local.fs.readFileSync(","                local.npmtest_doiuse.__dirname + '/lib.npmtest_doiuse.js',","                'utf8'","            ).replace((/^#!/), '//');","        /* jslint-ignore-end */","        local.assetsDict['/favicon.ico'] = local.assetsDict['/favicon.ico'] || '';","        // if $npm_config_timeout_exit exists,","        // then exit this process after $npm_config_timeout_exit ms","        if (Number(process.env.npm_config_timeout_exit)) {","            setTimeout(process.exit, Number(process.env.npm_config_timeout_exit));","        }","        // start server","        if (local.global.utility2_serverHttp1) {","            break;","        }","        process.env.PORT = process.env.PORT || '8081';","        console.error('server starting on port ' + process.env.PORT);","        local.http.createServer(function (request, response) {","            request.urlParsed = local.url.parse(request.url);","            if (local.assetsDict[request.urlParsed.pathname] !== undefined) {","                response.end(local.assetsDict[request.urlParsed.pathname]);","                return;","            }","            response.statusCode = 404;","            response.end();","        }).listen(process.env.PORT);","        break;","    }","}());",""],"l":{"26":2,"28":2,"33":2,"35":2,"37":2,"38":2,"39":2,"44":1,"51":2,"55":2,"59":2,"61":2,"69":1,"70":2,"76":2,"79":2,"82":2,"83":2,"85":1,"89":2,"92":1,"93":1,"94":1,"96":1,"97":1,"100":1,"101":1,"103":1,"106":1,"108":2,"114":1,"116":1,"118":1,"123":1,"124":2,"125":2,"126":3,"127":3,"128":3,"129":3,"130":1,"133":3,"134":3,"139":3,"143":1,"144":3,"145":1,"149":1,"150":1,"158":1,"160":1,"161":1,"162":1,"164":1,"166":1,"258":1,"259":1,"271":1,"274":6,"275":6,"277":1,"279":2,"281":1,"283":2,"288":1,"289":1,"291":1,"296":1,"303":1,"306":1,"307":1,"310":1,"311":1,"313":1,"314":1,"315":1,"316":1,"317":1,"318":1,"319":1,"321":1,"322":1,"324":1}},"/home/travis/build/npmtest/node-npmtest-doiuse/node_modules/doiuse/lib/doiuse.js":{"path":"/home/travis/build/npmtest/node-npmtest-doiuse/node_modules/doiuse/lib/doiuse.js","s":{"1":1,"2":1,"3":1,"4":1,"5":1,"6":1,"7":1,"8":0,"9":0,"10":0,"11":0,"12":0,"13":0,"14":0,"15":0,"16":0,"17":1,"18":1,"19":1,"20":1,"21":1,"22":1,"23":0,"24":0,"25":0,"26":1,"27":1,"28":1,"29":1,"30":1,"31":0,"32":0,"33":0,"34":0,"35":0,"36":0,"37":0,"38":0,"39":0,"40":0,"41":0,"42":0,"43":0,"44":0,"45":0,"46":0,"47":0,"48":0,"49":0,"50":0,"51":0,"52":0,"53":0,"54":1,"55":1},"b":{"1":[0,0],"2":[0,0],"3":[0,1],"4":[0,0],"5":[0,0],"6":[0,0],"7":[0,0],"8":[0,0],"9":[0,0],"10":[0,0],"11":[0,0],"12":[0,0],"13":[0,0],"14":[0,0],"15":[0,0,0]},"f":{"1":0,"2":1,"3":0,"4":0,"5":0},"fnMap":{"1":{"name":"browserslist","line":10,"loc":{"start":{"line":10,"column":0},"end":{"line":10,"column":24}}},"2":{"name":"doiuse","line":28,"loc":{"start":{"line":28,"column":0},"end":{"line":28,"column":25}}},"3":{"name":"info","line":50,"loc":{"start":{"line":50,"column":10},"end":{"line":50,"column":26}}},"4":{"name":"postcss","line":57,"loc":{"start":{"line":57,"column":13},"end":{"line":57,"column":43}}},"5":{"name":"(anonymous_5)","line":58,"loc":{"start":{"line":58,"column":35},"end":{"line":58,"column":51}}}},"statementMap":{"1":{"start":{"line":3,"column":0},"end":{"line":3,"column":23}},"2":{"start":{"line":4,"column":0},"end":{"line":4,"column":27}},"3":{"start":{"line":5,"column":0},"end":{"line":5,"column":26}},"4":{"start":{"line":6,"column":0},"end":{"line":6,"column":50}},"5":{"start":{"line":7,"column":0},"end":{"line":7,"column":47}},"6":{"start":{"line":8,"column":0},"end":{"line":8,"column":39}},"7":{"start":{"line":10,"column":0},"end":{"line":26,"column":1}},"8":{"start":{"line":11,"column":2},"end":{"line":11,"column":47}},"9":{"start":{"line":12,"column":2},"end":{"line":12,"column":13}},"10":{"start":{"line":13,"column":2},"end":{"line":13,"column":14}},"11":{"start":{"line":15,"column":2},"end":{"line":25,"column":3}},"12":{"start":{"line":16,"column":4},"end":{"line":16,"column":58}},"13":{"start":{"line":18,"column":4},"end":{"line":22,"column":5}},"14":{"start":{"line":19,"column":6},"end":{"line":19,"column":62}},"15":{"start":{"line":21,"column":6},"end":{"line":21,"column":47}},"16":{"start":{"line":24,"column":4},"end":{"line":24,"column":29}},"17":{"start":{"line":28,"column":0},"end":{"line":108,"column":1}},"18":{"start":{"line":29,"column":2},"end":{"line":29,"column":38}},"19":{"start":{"line":30,"column":2},"end":{"line":30,"column":46}},"20":{"start":{"line":31,"column":2},"end":{"line":31,"column":37}},"21":{"start":{"line":32,"column":2},"end":{"line":32,"column":40}},"22":{"start":{"line":34,"column":2},"end":{"line":40,"column":3}},"23":{"start":{"line":35,"column":4},"end":{"line":35,"column":34}},"24":{"start":{"line":37,"column":4},"end":{"line":39,"column":5}},"25":{"start":{"line":38,"column":6},"end":{"line":38,"column":47}},"26":{"start":{"line":42,"column":2},"end":{"line":42,"column":53}},"27":{"start":{"line":44,"column":2},"end":{"line":44,"column":42}},"28":{"start":{"line":45,"column":2},"end":{"line":45,"column":42}},"29":{"start":{"line":47,"column":2},"end":{"line":47,"column":48}},"30":{"start":{"line":49,"column":2},"end":{"line":107,"column":4}},"31":{"start":{"line":51,"column":6},"end":{"line":54,"column":8}},"32":{"start":{"line":58,"column":6},"end":{"line":105,"column":9}},"33":{"start":{"line":59,"column":8},"end":{"line":59,"column":35}},"34":{"start":{"line":60,"column":8},"end":{"line":60,"column":31}},"35":{"start":{"line":61,"column":8},"end":{"line":61,"column":33}},"36":{"start":{"line":63,"column":8},"end":{"line":65,"column":9}},"37":{"start":{"line":64,"column":10},"end":{"line":64,"column":17}},"38":{"start":{"line":66,"column":8},"end":{"line":68,"column":9}},"39":{"start":{"line":67,"column":10},"end":{"line":67,"column":17}},"40":{"start":{"line":70,"column":8},"end":{"line":72,"column":9}},"41":{"start":{"line":71,"column":10},"end":{"line":71,"column":17}},"42":{"start":{"line":74,"column":8},"end":{"line":74,"column":26}},"43":{"start":{"line":75,"column":8},"end":{"line":77,"column":9}},"44":{"start":{"line":76,"column":10},"end":{"line":76,"column":74}},"45":{"start":{"line":78,"column":8},"end":{"line":80,"column":9}},"46":{"start":{"line":79,"column":10},"end":{"line":79,"column":85}},"47":{"start":{"line":82,"column":8},"end":{"line":82,"column":100}},"48":{"start":{"line":84,"column":8},"end":{"line":84,"column":64}},"49":{"start":{"line":86,"column":8},"end":{"line":104,"column":9}},"50":{"start":{"line":87,"column":10},"end":{"line":87,"column":33}},"51":{"start":{"line":88,"column":10},"end":{"line":94,"column":12}},"52":{"start":{"line":96,"column":10},"end":{"line":96,"column":167}},"53":{"start":{"line":98,"column":10},"end":{"line":103,"column":13}},"54":{"start":{"line":109,"column":0},"end":{"line":109,"column":77}},"55":{"start":{"line":110,"column":0},"end":{"line":110,"column":24}}},"branchMap":{"1":{"line":18,"type":"if","locations":[{"start":{"line":18,"column":4},"end":{"line":18,"column":4}},{"start":{"line":18,"column":4},"end":{"line":18,"column":4}}]},"2":{"line":18,"type":"binary-expr","locations":[{"start":{"line":18,"column":8},"end":{"line":18,"column":29}},{"start":{"line":18,"column":33},"end":{"line":18,"column":61}}]},"3":{"line":34,"type":"if","locations":[{"start":{"line":34,"column":2},"end":{"line":34,"column":2}},{"start":{"line":34,"column":2},"end":{"line":34,"column":2}}]},"4":{"line":37,"type":"if","locations":[{"start":{"line":37,"column":4},"end":{"line":37,"column":4}},{"start":{"line":37,"column":4},"end":{"line":37,"column":4}}]},"5":{"line":63,"type":"if","locations":[{"start":{"line":63,"column":8},"end":{"line":63,"column":8}},{"start":{"line":63,"column":8},"end":{"line":63,"column":8}}]},"6":{"line":63,"type":"binary-expr","locations":[{"start":{"line":63,"column":12},"end":{"line":63,"column":18}},{"start":{"line":63,"column":22},"end":{"line":63,"column":52}}]},"7":{"line":66,"type":"if","locations":[{"start":{"line":66,"column":8},"end":{"line":66,"column":8}},{"start":{"line":66,"column":8},"end":{"line":66,"column":8}}]},"8":{"line":66,"type":"binary-expr","locations":[{"start":{"line":66,"column":12},"end":{"line":66,"column":25}},{"start":{"line":66,"column":29},"end":{"line":66,"column":66}}]},"9":{"line":70,"type":"if","locations":[{"start":{"line":70,"column":8},"end":{"line":70,"column":8}},{"start":{"line":70,"column":8},"end":{"line":70,"column":8}}]},"10":{"line":70,"type":"binary-expr","locations":[{"start":{"line":70,"column":12},"end":{"line":70,"column":23}},{"start":{"line":70,"column":27},"end":{"line":70,"column":86}}]},"11":{"line":75,"type":"if","locations":[{"start":{"line":75,"column":8},"end":{"line":75,"column":8}},{"start":{"line":75,"column":8},"end":{"line":75,"column":8}}]},"12":{"line":78,"type":"if","locations":[{"start":{"line":78,"column":8},"end":{"line":78,"column":8}},{"start":{"line":78,"column":8},"end":{"line":78,"column":8}}]},"13":{"line":86,"type":"if","locations":[{"start":{"line":86,"column":8},"end":{"line":86,"column":8}},{"start":{"line":86,"column":8},"end":{"line":86,"column":8}}]},"14":{"line":88,"type":"cond-expr","locations":[{"start":{"line":88,"column":48},"end":{"line":91,"column":11}},{"start":{"line":91,"column":14},"end":{"line":94,"column":11}}]},"15":{"line":96,"type":"binary-expr","locations":[{"start":{"line":96,"column":21},"end":{"line":96,"column":46}},{"start":{"line":96,"column":50},"end":{"line":96,"column":64}},{"start":{"line":96,"column":68},"end":{"line":96,"column":82}}]}},"code":["'use strict';","","var fs = require('fs');","var path = require('path');","var _ = require('lodash');","var missingSupport = require('./missing-support');","var Detector = require('./detect-feature-use');","var Multimatch = require('multimatch');","","function browserslist() {","  var dirs = path.resolve('.').split(path.sep);","  var config;","  var content;","","  while (dirs.length) {","    config = dirs.concat(['browserslist']).join(path.sep);","","    if (fs.existsSync(config) && fs.statSync(config).isFile()) {","      content = fs.readFileSync(config, { encoding: 'utf8' });","","      return content.split(/\\r?\\n/).join(', ');","    }","","    dirs = dirs.slice(0, -1);","  }","}","","function doiuse(options) {","  var browserQuery = options.browsers;","  var onFeatureUsage = options.onFeatureUsage;","  var ignoreOptions = options.ignore;","  var ignoreFiles = options.ignoreFiles;","","  if (!browserQuery) {","    browserQuery = browserslist();","","    if (!browserQuery) {","      browserQuery = doiuse['default'].slice();","    }","  }","","  var _missingSupport = missingSupport(browserQuery);","","  var browsers = _missingSupport.browsers;","  var features = _missingSupport.features;","","  var detector = new Detector(_.keys(features));","","  return {","    info: function info() {","      return {","        browsers: browsers,","        features: features","      };","    },","","    postcss: function postcss(css, result) {","      return detector.process(css, function (_ref) {","        var feature = _ref.feature;","        var usage = _ref.usage;","        var ignore = _ref.ignore;","","        if (ignore && ignore.indexOf(feature) !== -1) {","          return;","        }","        if (ignoreOptions && ignoreOptions.indexOf(feature) !== -1) {","          return;","        }","","        if (ignoreFiles && Multimatch(usage.source.input.from, ignoreFiles).length > 0) {","          return;","        }","","        var messages = [];","        if (features[feature].missing) {","          messages.push('not supported by: ' + features[feature].missing);","        }","        if (features[feature].partial) {","          messages.push('only partially supported by: ' + features[feature].partial);","        }","","        var message = features[feature].title + ' ' + messages.join(' and ') + ' (' + feature + ')';","","        result.warn(message, { node: usage, plugin: 'doiuse' });","","        if (onFeatureUsage) {","          var loc = usage.source;","          loc.original = css.source.input.map ? {","            start: css.source.input.map.consumer().originalPositionFor(loc.start),","            end: css.source.input.map.consumer().originalPositionFor(loc.end)","          } : {","            start: loc.start,","            end: loc.end","          };","","          message = (loc.original.start.source || loc.input.file || loc.input.from) + ':' + loc.original.start.line + ':' + loc.original.start.column + ': ' + message;","","          onFeatureUsage({","            feature: feature,","            featureData: features[feature],","            usage: usage,","            message: message","          });","        }","      });","    }","  };","}","doiuse['default'] = ['> 1%', 'last 2 versions', 'Firefox ESR', 'Opera 12.1'];","module.exports = doiuse;"],"l":{"3":1,"4":1,"5":1,"6":1,"7":1,"8":1,"10":1,"11":0,"12":0,"13":0,"15":0,"16":0,"18":0,"19":0,"21":0,"24":0,"28":1,"29":1,"30":1,"31":1,"32":1,"34":1,"35":0,"37":0,"38":0,"42":1,"44":1,"45":1,"47":1,"49":1,"51":0,"58":0,"59":0,"60":0,"61":0,"63":0,"64":0,"66":0,"67":0,"70":0,"71":0,"74":0,"75":0,"76":0,"78":0,"79":0,"82":0,"84":0,"86":0,"87":0,"88":0,"96":0,"98":0,"109":1,"110":1}},"/home/travis/build/npmtest/node-npmtest-doiuse/node_modules/doiuse/lib/missing-support.js":{"path":"/home/travis/build/npmtest/node-npmtest-doiuse/node_modules/doiuse/lib/missing-support.js","s":{"1":1,"2":1,"3":1,"4":1,"5":1,"6":1,"7":77,"8":1309,"9":17094,"10":17094,"11":1848,"12":593,"13":593,"14":0,"15":593,"16":17094,"17":1309,"18":257,"19":1309,"20":130,"21":1309,"22":1,"23":154,"24":387,"25":387,"26":1,"27":1,"28":1,"29":1,"30":77,"31":77,"32":77,"33":77,"34":77,"35":77,"36":77,"37":63,"38":63,"39":55,"40":55,"41":63,"42":34,"43":34,"44":1,"45":1},"b":{"1":[1848,15246],"2":[593,1255],"3":[217,376],"4":[0,593],"5":[257,1052],"6":[130,1179],"7":[63,14],"8":[77,22],"9":[55,8],"10":[34,29]},"f":{"1":77,"2":1309,"3":17094,"4":154,"5":387,"6":1,"7":77},"fnMap":{"1":{"name":"filterStats","line":10,"loc":{"start":{"line":10,"column":0},"end":{"line":10,"column":38}}},"2":{"name":"(anonymous_2)","line":11,"loc":{"start":{"line":11,"column":25},"end":{"line":11,"column":70}}},"3":{"name":"(anonymous_3)","line":13,"loc":{"start":{"line":13,"column":40},"end":{"line":13,"column":72}}},"4":{"name":"lackingBrowsers","line":38,"loc":{"start":{"line":38,"column":0},"end":{"line":38,"column":39}}},"5":{"name":"(anonymous_5)","line":39,"loc":{"start":{"line":39,"column":32},"end":{"line":39,"column":66}}},"6":{"name":"missing","line":75,"loc":{"start":{"line":75,"column":0},"end":{"line":75,"column":33}}},"7":{"name":"(anonymous_7)","line":79,"loc":{"start":{"line":79,"column":32},"end":{"line":79,"column":51}}}},"statementMap":{"1":{"start":{"line":3,"column":0},"end":{"line":3,"column":43}},"2":{"start":{"line":4,"column":0},"end":{"line":4,"column":45}},"3":{"start":{"line":5,"column":0},"end":{"line":5,"column":26}},"4":{"start":{"line":6,"column":0},"end":{"line":6,"column":60}},"5":{"start":{"line":8,"column":0},"end":{"line":8,"column":64}},"6":{"start":{"line":10,"column":0},"end":{"line":37,"column":1}},"7":{"start":{"line":11,"column":2},"end":{"line":36,"column":35}},"8":{"start":{"line":13,"column":4},"end":{"line":27,"column":37}},"9":{"start":{"line":14,"column":6},"end":{"line":14,"column":49}},"10":{"start":{"line":15,"column":6},"end":{"line":25,"column":7}},"11":{"start":{"line":17,"column":8},"end":{"line":24,"column":9}},"12":{"start":{"line":19,"column":10},"end":{"line":19,"column":79}},"13":{"start":{"line":20,"column":10},"end":{"line":22,"column":11}},"14":{"start":{"line":21,"column":12},"end":{"line":21,"column":34}},"15":{"start":{"line":23,"column":10},"end":{"line":23,"column":50}},"16":{"start":{"line":26,"column":6},"end":{"line":26,"column":20}},"17":{"start":{"line":29,"column":4},"end":{"line":31,"column":5}},"18":{"start":{"line":30,"column":6},"end":{"line":30,"column":53}},"19":{"start":{"line":32,"column":4},"end":{"line":34,"column":5}},"20":{"start":{"line":33,"column":6},"end":{"line":33,"column":53}},"21":{"start":{"line":35,"column":4},"end":{"line":35,"column":23}},"22":{"start":{"line":38,"column":0},"end":{"line":43,"column":1}},"23":{"start":{"line":39,"column":2},"end":{"line":42,"column":20}},"24":{"start":{"line":40,"column":4},"end":{"line":40,"column":59}},"25":{"start":{"line":41,"column":4},"end":{"line":41,"column":15}},"26":{"start":{"line":75,"column":0},"end":{"line":108,"column":1}},"27":{"start":{"line":76,"column":2},"end":{"line":76,"column":54}},"28":{"start":{"line":77,"column":2},"end":{"line":77,"column":18}},"29":{"start":{"line":79,"column":2},"end":{"line":102,"column":5}},"30":{"start":{"line":80,"column":4},"end":{"line":80,"column":44}},"31":{"start":{"line":81,"column":4},"end":{"line":81,"column":60}},"32":{"start":{"line":82,"column":4},"end":{"line":82,"column":39}},"33":{"start":{"line":83,"column":4},"end":{"line":83,"column":39}},"34":{"start":{"line":85,"column":4},"end":{"line":85,"column":47}},"35":{"start":{"line":86,"column":4},"end":{"line":86,"column":47}},"36":{"start":{"line":88,"column":4},"end":{"line":101,"column":5}},"37":{"start":{"line":89,"column":6},"end":{"line":92,"column":8}},"38":{"start":{"line":93,"column":6},"end":{"line":96,"column":7}},"39":{"start":{"line":94,"column":8},"end":{"line":94,"column":50}},"40":{"start":{"line":95,"column":8},"end":{"line":95,"column":42}},"41":{"start":{"line":97,"column":6},"end":{"line":100,"column":7}},"42":{"start":{"line":98,"column":8},"end":{"line":98,"column":50}},"43":{"start":{"line":99,"column":8},"end":{"line":99,"column":42}},"44":{"start":{"line":104,"column":2},"end":{"line":107,"column":4}},"45":{"start":{"line":110,"column":0},"end":{"line":110,"column":25}}},"branchMap":{"1":{"line":15,"type":"if","locations":[{"start":{"line":15,"column":6},"end":{"line":15,"column":6}},{"start":{"line":15,"column":6},"end":{"line":15,"column":6}}]},"2":{"line":17,"type":"if","locations":[{"start":{"line":17,"column":8},"end":{"line":17,"column":8}},{"start":{"line":17,"column":8},"end":{"line":17,"column":8}}]},"3":{"line":19,"type":"cond-expr","locations":[{"start":{"line":19,"column":57},"end":{"line":19,"column":66}},{"start":{"line":19,"column":69},"end":{"line":19,"column":78}}]},"4":{"line":20,"type":"if","locations":[{"start":{"line":20,"column":10},"end":{"line":20,"column":10}},{"start":{"line":20,"column":10},"end":{"line":20,"column":10}}]},"5":{"line":29,"type":"if","locations":[{"start":{"line":29,"column":4},"end":{"line":29,"column":4}},{"start":{"line":29,"column":4},"end":{"line":29,"column":4}}]},"6":{"line":32,"type":"if","locations":[{"start":{"line":32,"column":4},"end":{"line":32,"column":4}},{"start":{"line":32,"column":4},"end":{"line":32,"column":4}}]},"7":{"line":88,"type":"if","locations":[{"start":{"line":88,"column":4},"end":{"line":88,"column":4}},{"start":{"line":88,"column":4},"end":{"line":88,"column":4}}]},"8":{"line":88,"type":"binary-expr","locations":[{"start":{"line":88,"column":8},"end":{"line":88,"column":26}},{"start":{"line":88,"column":30},"end":{"line":88,"column":48}}]},"9":{"line":93,"type":"if","locations":[{"start":{"line":93,"column":6},"end":{"line":93,"column":6}},{"start":{"line":93,"column":6},"end":{"line":93,"column":6}}]},"10":{"line":97,"type":"if","locations":[{"start":{"line":97,"column":6},"end":{"line":97,"column":6}},{"start":{"line":97,"column":6},"end":{"line":97,"column":6}}]}},"code":["'use strict';","","var features = require('../data/features');","var BrowserSelection = require('./browsers');","var _ = require('lodash');","var formatBrowserName = require('./util').formatBrowserName;","","var caniuse = require('caniuse-db/fulldata-json/data-1.0.json');","","function filterStats(browsers, stats) {","  return _.reduce(stats, function (resultStats, versionData, browser) {","    // filter only versions of selected browsers that don't fully support this feature","    var feature = _.reduce(versionData, function (result, support, ver) {","      var selected = browsers.test(browser, ver);","      if (selected) {","        // check if browser is NOT fully (i.e., don't have 'y' in their stats) supported","        if (!/(^|\\s)y($|\\s)/.test(support)) {","          // when it's not partially supported ('a'), it's missing","          var testprop = /(^|\\s)a($|\\s)/.test(support) ? 'partial' : 'missing';","          if (!result[testprop]) {","            result[testprop] = {};","          }","          result[testprop][selected[1]] = support;","        }","      }","      return result;","    }, { missing: {}, partial: {} });","","    if (_.keys(feature.missing).length !== 0) {","      resultStats.missing[browser] = feature.missing;","    }","    if (_.keys(feature.partial).length !== 0) {","      resultStats.partial[browser] = feature.partial;","    }","    return resultStats;","  }, { missing: {}, partial: {} });","}","function lackingBrowsers(browserStats) {","  return _.reduce(browserStats, function (res, versions, browser) {","    res.push(formatBrowserName(browser, _.keys(versions)));","    return res;","  }, []).join(', ');","}","","/**"," * Get data on CSS features not supported by the given autoprefixer-like"," * browser selection."," *"," * @returns `{browsers, features}`, where `features` is an array of:"," * ```"," * {"," *   'feature-name': {"," *     title: 'Title of feature'"," *     missing: \"IE (8), Chrome (31)\""," *     missingData: {"," *       // map of browser -> version -> (lack of)support code"," *       ie: { '8': 'n' },"," *       chrome: { '31': 'n' }"," *     }"," *     partialData: {"," *       // map of browser -> version -> (partial)support code"," *       ie: { '7': 'a' },"," *       ff: { '29': 'a #1' }"," *     }"," *     caniuseData: {"," *       // caniuse-db json data for this feature"," *     }"," *   },"," *   'feature-name-2': {} // etc."," * }"," * ```"," *"," * `feature-name` is a caniuse-db slug."," */","function missing(browserRequest) {","  var browsers = new BrowserSelection(browserRequest);","  var result = {};","","  Object.keys(features).forEach(function (feature) {","    var featureData = caniuse.data[feature];","    var lackData = filterStats(browsers, featureData.stats);","    var missingData = lackData.missing;","    var partialData = lackData.partial;","    // browsers with missing or partial support for this feature","    var missing = lackingBrowsers(missingData);","    var partial = lackingBrowsers(partialData);","","    if (missing.length > 0 || partial.length > 0) {","      result[feature] = {","        title: featureData.title,","        caniuseData: featureData","      };","      if (missing.length > 0) {","        result[feature].missingData = missingData;","        result[feature].missing = missing;","      }","      if (partial.length > 0) {","        result[feature].partialData = partialData;","        result[feature].partial = partial;","      }","    }","  });","","  return {","    browsers: browsers.list(),","    features: result","  };","}","","module.exports = missing;"],"l":{"3":1,"4":1,"5":1,"6":1,"8":1,"10":1,"11":77,"13":1309,"14":17094,"15":17094,"17":1848,"19":593,"20":593,"21":0,"23":593,"26":17094,"29":1309,"30":257,"32":1309,"33":130,"35":1309,"38":1,"39":154,"40":387,"41":387,"75":1,"76":1,"77":1,"79":1,"80":77,"81":77,"82":77,"83":77,"85":77,"86":77,"88":77,"89":63,"93":63,"94":55,"95":55,"97":63,"98":34,"99":34,"104":1,"110":1}},"/home/travis/build/npmtest/node-npmtest-doiuse/node_modules/doiuse/data/features.js":{"path":"/home/travis/build/npmtest/node-npmtest-doiuse/node_modules/doiuse/data/features.js","s":{"1":1,"2":1,"3":1,"4":5,"5":5,"6":5,"7":1,"8":0},"b":{"1":[5,0]},"f":{"1":5,"2":0},"fnMap":{"1":{"name":"matchOutsideOfBrackets","line":7,"loc":{"start":{"line":7,"column":0},"end":{"line":7,"column":38}}},"2":{"name":"(anonymous_2)","line":200,"loc":{"start":{"line":200,"column":13},"end":{"line":200,"column":30}}}},"statementMap":{"1":{"start":{"line":1,"column":0},"end":{"line":1,"column":38}},"2":{"start":{"line":2,"column":0},"end":{"line":6,"column":1}},"3":{"start":{"line":7,"column":0},"end":{"line":12,"column":1}},"4":{"start":{"line":8,"column":2},"end":{"line":10,"column":3}},"5":{"start":{"line":9,"column":4},"end":{"line":9,"column":20}},"6":{"start":{"line":11,"column":2},"end":{"line":11,"column":79}},"7":{"start":{"line":14,"column":0},"end":{"line":396,"column":1}},"8":{"start":{"line":201,"column":6},"end":{"line":201,"column":41}}},"branchMap":{"1":{"line":8,"type":"if","locations":[{"start":{"line":8,"column":2},"end":{"line":8,"column":2}},{"start":{"line":8,"column":2},"end":{"line":8,"column":2}}]}},"code":["var list = require('postcss/lib/list')","var pats = {","  attrcc: '[^\\\\~|^$*\\\\]]*',","  brackets: /(\\[[^\\]]*\\]|\\([^\\)]*\\))/.source,","  nobrackets: /[^\\[\\]\\(\\)]/.source","}","function matchOutsideOfBrackets (pat) {","  if (pat instanceof RegExp) {","    pat = pat.source","  }","  return new RegExp('^(' + pats.brackets + '?' + pats.nobrackets + '*)*' + pat)","}","","module.exports = {","  'border-radius': {","    properties: [","      'border-radius',","      'border-top-left-radius',","      'border-top-right-radius',","      'border-bottom-right-radius',","      'border-bottom-left-radius'","    ]","  },","  'css-boxshadow': { properties: ['box-shadow'] },","  'css-animation': {","    properties: [","      'animation',","      'animation-name',","      'animation-duration',","      'animation-delay',","      'animation-direction',","      'animation-fill-mode',","      'animation-iteration-count',","      'animation-play-state',","      'animation-timing-function',","      '@keyframes'","    ]","  },","  'css-transitions': {","    properties: [","      'transition',","      'transition-property',","      'transition-duration',","      'transition-delay',","      'transition-timing-function'","    ]","  },","  transforms2d: {","    properties: [","      'transform',","      'transform-origin'","    ]","  },","  transforms3d: {","    properties: [","      'perspective',","      'perspective-origin',","      'transform-style',","      'backface-visibility'","    ]","  },","  'css-gradients': {","    properties: [","      'background',","      'background-image',","      'border-image'","    ],","    values: [","      /(^|[^-])linear-gradient/,","      /(^|[^-])radial-gradient/","    ]","  },","  'css3-boxsizing': { properties: ['box-sizing'] },","  'css-filters': { properties: ['filter'] },","  multicolumn: {","    properties: [","      'columns',","      'column-width',","      'column-gap',","      'column-rule',","      'column-rule-color',","      'column-rule-width',","      'column-count',","      'column-rule-style',","      'column-span',","      'column-fill',","      'break-before',","      'break-after',","      'break-inside'","    ]","  },","  'user-select-none': { properties: ['user-select'] },","  flexbox: {","    properties: ['display'],","    values: [","      'display-flex',","      'inline-flex',","      'flex',","      'flex-grow',","      'flex-shrink',","      'flex-basis',","      'flex-direction',","      'flex-wrap',","      'flex-flow',","      'justify-content',","      'order',","      'align-items',","      'align-self',","      'align-content'","    ]","  },","  calc: {","    values: ['calc'],","    properties: ['']","  },","  'background-img-opts': {","    properties: [","      'background-clip',","      'background-origin',","      'background-size'","    ]","  },","  'font-feature': {","    properties: [","      'font-feature-settings',","      'font-variant-ligatures',","      'font-language-override',","      'font-kerning'","    ]","  },","  'border-image': { properties: ['border-image'] },","  'css-selection': {","    properties: ['::selection'],","    selector: true","  },","  'css-placeholder': {","    properties: ['::placeholder'],","    selector: true","  },","  'css-hyphens': { properties: ['hyphens'] },","  fullscreen: {","    properties: [':fullscreen'],","    selector: true","  },","  'css3-tabsize': { properties: ['tab-size'] },","  'intrinsic-width': {","    properties: [","      'width',","      'min-width',","      'max-width',","      'height',","      'min-height',","      'max-height'","    ],","    values: [","      'max-content',","      'min-content',","      'fit-content',","      'fill-available'","    ]","  },","  'css3-cursors-newer': {","    properties: ['cursor'],","    values: [","      'zoom-in',","      'zoom-out',","      'grab',","      'grabbing'","    ]","  },","  'css-sticky': {","    properties: ['position'],","    values: ['sticky']","  },","  pointer: { properties: ['touch-action'] },","  'text-decoration': {","    properties: [","      'text-decoration-style',","      'text-decoration-line',","      'text-decoration-color'","    ]","  },","  'text-size-adjust': { properties: ['text-size-adjust'] },","  'css-masks': {","    properties: [","      'clip-path',","      'mask',","      'mask-clip',","      'mask-composite',","      'mask-image',","      'mask-origin',","      'mask-position',","      'mask-repeat',","      'mask-size'","    ]","  },","  fontface: { atrules: ['font-face'] },","  multibackgrounds: {","    properties: [/^background-?/],","    values: [function (value) {","      return list.comma(value).length > 1","    }]","  },","  'css-table': {","    properties: ['display'],","    values: [","      'table',","      'table-cell',","      'table-row',","      'table-layout'","    ]","  },","  'css-gencontent': {","    selectors: [","      ':before',","      ':after'","    ]","  },","  'css-fixed': {","    properties: ['position'],","    values: ['fixed']","  },","  'css-sel2': {","    selectors: [","      matchOutsideOfBrackets(/\\*/),","      matchOutsideOfBrackets(/>/),","      matchOutsideOfBrackets(/\\+/),","      matchOutsideOfBrackets(/\\./),","      matchOutsideOfBrackets(/#/),","      ':first-child',","      ':link',","      ':visited',","      ':active',","      ':hover',","      ':focus',","      ':lang',","      new RegExp('\\\\[' + pats.attrcc + '\\\\]'),","      new RegExp('\\\\[' + pats.attrcc + '=' + pats.attrcc + '\\\\]'),","      new RegExp('\\\\[' + pats.attrcc + '\\\\~=' + pats.attrcc + '\\\\]'),","      new RegExp('\\\\[' + pats.attrcc + '\\\\|=' + pats.attrcc + '\\\\]')","    ]","  },","  'css-sel3': {","    selectors: [","      new RegExp('\\\\[' + pats.attrcc + '\\\\^=' + pats.attrcc + '\\\\]'),","      new RegExp('\\\\[' + pats.attrcc + '\\\\$=' + pats.attrcc + '\\\\]'),","      new RegExp('\\\\[' + pats.attrcc + '\\\\*=' + pats.attrcc + '\\\\]'),","      ':root',","      ':nth-child',","      ':nth-last-child',","      'nth-of-type',","      'nth-last-of-type',","      ':last-child',","      ':first-of-type',","      ':last-of-type',","      ':only-child',","      ':only-of-type',","      ':empty',","      ':target',","      ':enabled',","      ':disabled',","      ':checked',","      ':not',","      /^[^\\[]*~/","    ]","  },","  'css-textshadow': { properties: ['text-shadow'] },","  'css3-colors': {","    properties: [''],","    values: [","      'rgba',","      'hsl',","      'hsla'","    ]","  },","  'css-mediaqueries': { atrules: ['media'] },","  'css-canvas': {","    properties: [/^background/],","    values: [/^-webkit-canvas/]","  },","  'css-reflections': { properties: ['box-reflect'] },","  'svg-css': { unimplemented: true },","  'css-featurequeries': { atrules: ['supports'] },","  'css-opacity': { properties: ['opacity'] },","  'text-overflow': { properties: ['text-overflow'] },","  wordwrap: { properties: ['overflow-wrap'] },","  'object-fit': { properties: ['object-fit'] },","  minmaxwh: {","    properties: [","      'min-width',","     
[...]
"19":0,"20":0,"21":0,"22":0,"23":0,"24":0,"25":0,"26":1,"27":4,"28":1,"29":1,"30":1,"31":0,"32":1,"33":0,"34":0,"35":0,"36":0,"37":0,"38":0,"39":0,"40":0,"41":1,"42":1,"43":0,"44":0,"45":0,"46":0,"47":0,"48":0,"49":0,"50":1,"51":0,"52":1,"53":1,"54":1,"55":1,"56":0,"57":1,"58":1,"59":0,"60":1,"61":1,"62":0,"63":0,"64":0,"65":1,"66":0},"b":{"1":[0,1],"2":[0,0],"3":[0,0],"4":[0,0],"5":[0,1],"6":[0,1],"7":[0,0],"8":[0,1],"9":[0,0],"10":[0,1],"11":[1,0],"12":[1,1,1],"13":[0,1],"14":[1,0],"15":[0,1]},"f":{"1":0,"2":4,"3":1,"4":0,"5":0,"6":0,"7":0,"8":0,"9":0,"10":0},"fnMap":{"1":{"name":"(anonymous_1)","line":63,"loc":{"start":{"line":63,"column":30},"end":{"line":63,"column":45}}},"2":{"name":"(anonymous_2)","line":77,"loc":{"start":{"line":77,"column":45},"end":{"line":77,"column":58}}},"3":{"name":"(anonymous_3)","line":78,"loc":{"start":{"line":78,"column":41},"end":{"line":78,"column":54}}},"4":{"name":"(anonymous_4)","line":83,"loc":{"start":{"line":83,"column":9},"end":{"line":83,"column":22}}},"5":{"name":"(anonymous_5)","line":89,"loc":{"start":{"line":89,"column":10},"end":{"line":89,"column":26}}},"6":{"name":"(anonymous_6)","line":90,"loc":{"start":{"line":90,"column":9},"end":{"line":90,"column":22}}},"7":{"name":"(anonymous_7)","line":119,"loc":{"start":{"line":119,"column":20},"end":{"line":119,"column":48}}},"8":{"name":"(anonymous_8)","line":126,"loc":{"start":{"line":126,"column":17},"end":{"line":126,"column":33}}},"9":{"name":"(anonymous_9)","line":129,"loc":{"start":{"line":129,"column":17},"end":{"line":129,"column":32}}},"10":{"name":"(anonymous_10)","line":135,"loc":{"start":{"line":135,"column":17},"end":{"line":135,"column":32}}}},"statementMap":{"1":{"start":{"line":3,"column":0},"end":{"line":3,"column":29}},"2":{"start":{"line":5,"column":0},"end":{"line":5,"column":22}},"3":{"start":{"line":6,"column":0},"end":{"line":6,"column":37}},"4":{"start":{"line":7,"column":0},"end":{"line":7,"column":33}},"5":{"start":{"line":8,"column":0},"end":{"line":8,"column":42}},"6":{"start":{"line":9,"column":0},"end":{"line":9,"column":26}},"7":{"start":{"line":10,"column":0},"end":{"line":10,"column":25}},"8":{"start":{"line":12,"column":0},"end":{"line":12,"column":63}},"9":{"start":{"line":13,"column":0},"end":{"line":13,"column":43}},"10":{"start":{"line":14,"column":0},"end":{"line":14,"column":32}},"11":{"start":{"line":16,"column":0},"end":{"line":54,"column":21}},"12":{"start":{"line":56,"column":0},"end":{"line":56,"column":21}},"13":{"start":{"line":59,"column":0},"end":{"line":75,"column":1}},"14":{"start":{"line":60,"column":2},"end":{"line":74,"column":3}},"15":{"start":{"line":61,"column":4},"end":{"line":61,"column":69}},"16":{"start":{"line":62,"column":4},"end":{"line":62,"column":37}},"17":{"start":{"line":63,"column":4},"end":{"line":70,"column":6}},"18":{"start":{"line":64,"column":6},"end":{"line":64,"column":29}},"19":{"start":{"line":65,"column":6},"end":{"line":67,"column":7}},"20":{"start":{"line":66,"column":8},"end":{"line":66,"column":53}},"21":{"start":{"line":66,"column":30},"end":{"line":66,"column":53}},"22":{"start":{"line":69,"column":6},"end":{"line":69,"column":23}},"23":{"start":{"line":72,"column":4},"end":{"line":73,"column":27}},"24":{"start":{"line":72,"column":37},"end":{"line":72,"column":80}},"25":{"start":{"line":73,"column":9},"end":{"line":73,"column":27}},"26":{"start":{"line":77,"column":0},"end":{"line":77,"column":78}},"27":{"start":{"line":77,"column":60},"end":{"line":77,"column":76}},"28":{"start":{"line":78,"column":0},"end":{"line":78,"column":74}},"29":{"start":{"line":78,"column":56},"end":{"line":78,"column":72}},"30":{"start":{"line":80,"column":0},"end":{"line":80,"column":39}},"31":{"start":{"line":80,"column":14},"end":{"line":80,"column":38}},"32":{"start":{"line":81,"column":0},"end":{"line":93,"column":1}},"33":{"start":{"line":82,"column":2},"end":{"line":91,"column":15}},"34":{"start":{"line":84,"column":6},"end":{"line":84,"column":22}},"35":{"start":{"line":85,"column":6},"end":{"line":85,"column":36}},"36":{"start":{"line":86,"column":6},"end":{"line":86,"column":31}},"37":{"start":{"line":87,"column":6},"end":{"line":87,"column":14}},"38":{"start":{"line":89,"column":28},"end":{"line":89,"column":79}},"39":{"start":{"line":90,"column":24},"end":{"line":90,"column":43}},"40":{"start":{"line":92,"column":2},"end":{"line":92,"column":47}},"41":{"start":{"line":95,"column":0},"end":{"line":95,"column":7}},"42":{"start":{"line":96,"column":0},"end":{"line":106,"column":1}},"43":{"start":{"line":97,"column":2},"end":{"line":97,"column":61}},"44":{"start":{"line":98,"column":2},"end":{"line":98,"column":49}},"45":{"start":{"line":99,"column":2},"end":{"line":105,"column":3}},"46":{"start":{"line":100,"column":4},"end":{"line":100,"column":44}},"47":{"start":{"line":101,"column":4},"end":{"line":103,"column":5}},"48":{"start":{"line":102,"column":6},"end":{"line":102,"column":61}},"49":{"start":{"line":104,"column":4},"end":{"line":104,"column":29}},"50":{"start":{"line":107,"column":0},"end":{"line":107,"column":30}},"51":{"start":{"line":107,"column":14},"end":{"line":107,"column":29}},"52":{"start":{"line":110,"column":0},"end":{"line":113,"column":1}},"53":{"start":{"line":111,"column":2},"end":{"line":111,"column":18}},"54":{"start":{"line":112,"column":2},"end":{"line":112,"column":16}},"55":{"start":{"line":115,"column":0},"end":{"line":117,"column":1}},"56":{"start":{"line":116,"column":2},"end":{"line":116,"column":26}},"57":{"start":{"line":118,"column":0},"end":{"line":122,"column":1}},"58":{"start":{"line":119,"column":2},"end":{"line":121,"column":4}},"59":{"start":{"line":120,"column":4},"end":{"line":120,"column":36}},"60":{"start":{"line":123,"column":0},"end":{"line":123,"column":24}},"61":{"start":{"line":125,"column":0},"end":{"line":137,"column":1}},"62":{"start":{"line":126,"column":2},"end":{"line":131,"column":4}},"63":{"start":{"line":127,"column":4},"end":{"line":130,"column":14}},"64":{"start":{"line":129,"column":34},"end":{"line":129,"column":53}},"65":{"start":{"line":133,"column":2},"end":{"line":136,"column":14}},"66":{"start":{"line":135,"column":34},"end":{"line":135,"column":53}}},"branchMap":{"1":{"line":59,"type":"if","locations":[{"start":{"line":59,"column":0},"end":{"line":59,"column":0}},{"start":{"line":59,"column":0},"end":{"line":59,"column":0}}]},"2":{"line":65,"type":"if","locations":[{"start":{"line":65,"column":6},"end":{"line":65,"column":6}},{"start":{"line":65,"column":6},"end":{"line":65,"column":6}}]},"3":{"line":66,"type":"if","locations":[{"start":{"line":66,"column":8},"end":{"line":66,"column":8}},{"start":{"line":66,"column":8},"end":{"line":66,"column":8}}]},"4":{"line":72,"type":"if","locations":[{"start":{"line":72,"column":4},"end":{"line":72,"column":4}},{"start":{"line":72,"column":4},"end":{"line":72,"column":4}}]},"5":{"line":80,"type":"if","locations":[{"start":{"line":80,"column":0},"end":{"line":80,"column":0}},{"start":{"line":80,"column":0},"end":{"line":80,"column":0}}]},"6":{"line":81,"type":"if","locations":[{"start":{"line":81,"column":0},"end":{"line":81,"column":0}},{"start":{"line":81,"column":0},"end":{"line":81,"column":0}}]},"7":{"line":89,"type":"cond-expr","locations":[{"start":{"line":89,"column":53},"end":{"line":89,"column":64}},{"start":{"line":89,"column":67},"end":{"line":89,"column":78}}]},"8":{"line":96,"type":"if","locations":[{"start":{"line":96,"column":0},"end":{"line":96,"column":0}},{"start":{"line":96,"column":0},"end":{"line":96,"column":0}}]},"9":{"line":101,"type":"if","locations":[{"start":{"line":101,"column":4},"end":{"line":101,"column":4}},{"start":{"line":101,"column":4},"end":{"line":101,"column":4}}]},"10":{"line":107,"type":"if","locations":[{"start":{"line":107,"column":0},"end":{"line":107,"column":0}},{"start":{"line":107,"column":0},"end":{"line":107,"column":0}}]},"11":{"line":110,"type":"if","locations":[{"start":{"line":110,"column":0},"end":{"line":110,"column":0}},{"start":{"line":110,"column":0},"end":{"line":110,"column":0}}]},"12":{"line":110,"type":"binary-expr","locations":[{"start":{"line":110,"column":4},"end":{"line":110,"column":13}},{"start":{"line":110,"column":18},"end":{"line":110,"column":37}},{"start":{"line":110,"column":41},"end":{"line":110,"column":60}}]},"13":{"line":115,"type":"if","locations":[{"start":{"line":115,"column":0},"end":{"line":115,"column":0}},{"start":{"line":115,"column":0},"end":{"line":115,"column":0}}]},"14":{"line":118,"type":"if","locations":[{"start":{"line":118,"column":0},"end":{"line":118,"column":0}},{"start":{"line":118,"column":0},"end":{"line":118,"column":0}}]},"15":{"line":125,"type":"if","locations":[{"start":{"line":125,"column":0},"end":{"line":125,"column":0}},{"start":{"line":125,"column":0},"end":{"line":125,"column":0}}]}},"code":["//#!/usr/bin/env node","","var FILE_NOT_FOUND = 'ENOENT'","","var fs = require('fs')","var ldjson = require('ldjson-stream')","var through = require('through2')","var browserslist = require('browserslist')","var path = require('path')","var _ = require('lodash')","","var formatBrowserName = require('./lib/util').formatBrowserName","var defaultBrowsers = require('./').default","var doiuse = require('./stream')","","var yargs = require('yargs')","  .usage('Lint your CSS for browser support.')","  .example('cat FILE | $0 -b \"ios >= 6\"', '')","  .example('$0 --browsers \"ie >= 9, > 1%, last 3 versions\" [FILE] [FILE] ...', '')","  .example('$0 -b \"ie >= 8\" -b \"> 1%\" -b \"last 3 versions\" [FILE] [FILE] ...', '')","  .options('b', {","    alias: 'browsers',","    description: 'Autoprefixer-like browser criteria.',","    default: defaultBrowsers.join(', ')","  })","  .string('b')","  .options('i', {","    alias: 'ignore',","    description: 'List of features to ignore.',","    default: ''","  })","  .string('i')","  .options('l', {","    alias: 'list-only',","    description: 'Just show the browsers and features that would be tested by' +","      'the specified browser criteria, without actually processing any CSS.'","  })","  .options('c', {","    alias: 'config',","    description: 'Provide options through config file'","  })","  .string('verbose')","  .options('v', {","    alias: 'verbose',","    description: 'Verbose output. Multiple levels available.'","  })","  .count('verbose')","  .options('j', {","    alias: 'json',","    description: 'Output JSON instead of string linter-like messages.'","  })","  .boolean('j')","  .help('h', 'Show help message.')","  .alias('h', 'help')","","var argv = yargs.argv","","//  Config file reading","if (argv.config) {","  try {","    var fileData = fs.readFileSync(path.resolve(argv.config), 'utf8')","    var config = JSON.parse(fileData)","    _.forEach(_.keys(config), function (key) {","      var value = config[key]","      if (key === 'browsers') {","        if (_.isArray(value)) value = value.join(',')","      }","","      argv[key] = value","    })","  } catch (err) {","    if (err.code === FILE_NOT_FOUND) console.error('Config file not found', err)","    else console.error(err)","  }","}","","argv.browsers = argv.browsers.split(',').map(function (s) { return s.trim() })","argv.ignore = argv.ignore.split(',').map(function (s) { return s.trim() })","// Informational output","if (argv.l) { argv.v = ++argv.verbose }","if (argv.verbose >= 1) {","  var browsers = browserslist(argv.browsers)","    .map(function (b) {","      b = b.split(' ')","      b[0] = formatBrowserName(b[0])","      b[1] = parseInt(b[1], 10)","      return b","    })","    .sort(function (a, b) { return (a[0] !== b[0]) ? a[0] > b[0] : a[1] > b[1] })","    .map(function (b) { return b.join(' ') })","    .join(', ')","  console.log('[doiuse] Browsers: ' + browsers)","}","","var out","if (argv.verbose >= 2) {","  var features = require('./')(argv.browsers).info().features","  console.log('\\n[doiuse] Unsupported features:')","  for (var feat in features) {","    out = [features[feat].caniuseData.title]","    if (argv.verbose >= 3) {","      out.push('\\n', features[feat].missing.join(', '), '\\n')","    }","    console.log(out.join(''))","  }","}","if (argv.l) { process.exit() }","","// Process the CSS","if (argv.help || (argv._.length === 0 && process.stdin.isTTY)) {","  yargs.showHelp()","  process.exit()","}","","if (argv.json) {","  out = ldjson.serialize()","}","if (!argv.json) {","  out = through.obj(function (usage, enc, next) {","    next(null, usage.message + '\\n')","  })","}","out.pipe(process.stdout)","","if (argv._.length > 0) {","  argv._.forEach(function (file) {","    fs.createReadStream(file)","    .pipe(doiuse({ browsers: argv.browsers, ignore: argv.ignore }, file))","    .on('error', function (err) { console.error(err) })","    .pipe(out)","  })","} else {","  process.stdin","    .pipe(doiuse({ browsers: argv.browsers, ignore: argv.ignore }))","    .on('error', function (err) { console.error(err) })","    .pipe(out)","}",""],"l":{"3":1,"5":1,"6":1,"7":1,"8":1,"9":1,"10":1,"12":1,"13":1,"14":1,"16":1,"56":1,"59":1,"60":0,"61":0,"62":0,"63":0,"64":0,"65":0,"66":0,"69":0,"72":0,"73":0,"77":4,"78":1,"80":1,"81":1,"82":0,"84":0,"85":0,"86":0,"87":0,"89":0,"90":0,"92":0,"95":1,"96":1,"97":0,"98":0,"99":0,"100":0,"101":0,"102":0,"104":0,"107":1,"110":1,"111":1,"112":1,"115":1,"116":0,"118":1,"119":1,"120":0,"123":1,"125":1,"126":0,"127":0,"129":0,"133":1,"135":0}},"/home/travis/build/npmtest/node-npmtest-doiuse/node_modules/doiuse/stream.js":{"path":"/home/travis/build/npmtest/node-npmtest-doiuse/node_modules/doiuse/stream.js","s":{"1":1,"2":1,"3":1,"4":1,"5":1,"6":1,"7":1,"8":1,"9":1,"10":1,"11":1,"12":1,"13":1,"14":1,"15":1,"16":1,"17":0,"18":0,"19":1,"20":1,"21":0,"22":0,"23":0,"24":0,"25":0,"26":0,"27":0,"28":0,"29":0,"30":0,"31":0,"32":0,"33":0,"34":1,"35":0,"36":0,"37":0,"38":0,"39":1,"40":0},"b":{"1":[1,1],"2":[0,0]},"f":{"1":1,"2":0,"3":0,"4":0,"5":0,"6":0},"fnMap":{"1":{"name":"stream","line":15,"loc":{"start":{"line":15,"column":0},"end":{"line":15,"column":36}}},"2":{"name":"(anonymous_2)","line":33,"loc":{"start":{"line":33,"column":17},"end":{"line":33,"column":29}}},"3":{"name":"write","line":38,"loc":{"start":{"line":38,"column":2},"end":{"line":38,"column":35}}},"4":{"name":"(anonymous_4)","line":61,"loc":{"start":{"line":61,"column":14},"end":{"line":61,"column":32}}},"5":{"name":"handleError","line":67,"loc":{"start":{"line":67,"column":4},"end":{"line":67,"column":33}}},"6":{"name":"pushUsage","line":77,"loc":{"start":{"line":77,"column":2},"end":{"line":77,"column":29}}}},"statementMap":{"1":{"start":{"line":1,"column":0},"end":{"line":1,"column":33}},"2":{"start":{"line":2,"column":0},"end":{"line":2,"column":35}},"3":{"start":{"line":3,"column":0},"end":{"line":3,"column":38}},"4":{"start":{"line":4,"column":0},"end":{"line":4,"column":37}},"5":{"start":{"line":6,"column":0},"end":{"line":6,"column":32}},"6":{"start":{"line":7,"column":0},"end":{"line":7,"column":26}},"7":{"start":{"line":9,"column":0},"end":{"line":9,"column":23}},"8":{"start":{"line":15,"column":0},"end":{"line":80,"column":1}},"9":{"start":{"line":16,"column":2},"end":{"line":16,"column":19}},"10":{"start":{"line":17,"column":2},"end":{"line":17,"column":48}},"11":{"start":{"line":19,"column":2},"end":{"line":19,"column":15}},"12":{"start":{"line":21,"column":2},"end":{"line":21,"column":30}},"13":{"start":{"line":22,"column":2},"end":{"line":22,"column":33}},"14":{"start":{"line":24,"column":2},"end":{"line":34,"column":3}},"15":{"start":{"line":25,"column":4},"end":{"line":29,"column":8}},"16":{"start":{"line":31,"column":4},"end":{"line":31,"column":17}},"17":{"start":{"line":33,"column":4},"end":{"line":33,"column":57}},"18":{"start":{"line":33,"column":31},"end":{"line":33,"column":55}},"19":{"start":{"line":36,"column":2},"end":{"line":36,"column":15}},"20":{"start":{"line":38,"column":2},"end":{"line":75,"column":3}},"21":{"start":{"line":39,"column":4},"end":{"line":65,"column":5}},"22":{"start":{"line":40,"column":6},"end":{"line":40,"column":53}},"23":{"start":{"line":42,"column":6},"end":{"line":42,"column":42}},"24":{"start":{"line":43,"column":6},"end":{"line":43,"column":27}},"25":{"start":{"line":44,"column":6},"end":{"line":44,"column":28}},"26":{"start":{"line":45,"column":6},"end":{"line":58,"column":7}},"27":{"start":{"line":46,"column":8},"end":{"line":50,"column":10}},"28":{"start":{"line":51,"column":8},"end":{"line":55,"column":10}},"29":{"start":{"line":56,"column":8},"end":{"line":56,"column":15}},"30":{"start":{"line":57,"column":8},"end":{"line":57,"column":16}},"31":{"start":{"line":60,"column":6},"end":{"line":62,"column":27}},"32":{"start":{"line":61,"column":34},"end":{"line":61,"column":41}},"33":{"start":{"line":64,"column":6},"end":{"line":64,"column":20}},"34":{"start":{"line":67,"column":4},"end":{"line":74,"column":5}},"35":{"start":{"line":68,"column":6},"end":{"line":73,"column":7}},"36":{"start":{"line":69,"column":8},"end":{"line":69,"column":37}},"37":{"start":{"line":70,"column":8},"end":{"line":70,"column":14}},"38":{"start":{"line":72,"column":8},"end":{"line":72,"column":19}},"39":{"start":{"line":77,"column":2},"end":{"line":79,"column":3}},"40":{"start":{"line":78,"column":4},"end":{"line":78,"column":19}}},"branchMap":{"1":{"line":17,"type":"binary-expr","locations":[{"start":{"line":17,"column":13},"end":{"line":17,"column":21}},{"start":{"line":17,"column":25},"end":{"line":17,"column":48}}]},"2":{"line":68,"type":"if","locations":[{"start":{"line":68,"column":6},"end":{"line":68,"column":6}},{"start":{"line":68,"column":6},"end":{"line":68,"column":6}}]}},"code":["var through = require('through2')","var duplexer = require('duplexer2')","var rules = require('css-rule-stream')","var sourcemap = require('source-map')","","var postcss = require('postcss')","var doiuse = require('./')","","module.exports = stream","","/**"," * @param {Object} options (browsers, ignore, etc.)"," * @param {string} [filename]  Filename for outputting source code locations."," */","function stream (options, filename) {","  var inp = rules()","  filename = filename || '<streaming css input>'","","  var processor","","  var out = through.obj(write)","  var duplex = duplexer(inp, out)","","  try {","    processor = postcss([doiuse({","      browsers: options.browsers,","      ignore: options.ignore,","      onFeatureUsage: pushUsage","    })])","","    inp.pipe(out)","  } catch (e) {","    setImmediate(function () { duplex.emit('error', e) })","  }","","  return duplex","","  function write (rule, enc, next) {","    try {","      var mapper = new sourcemap.SourceMapGenerator()","","      var lines = rule.content.split('\\n')","      var oline = rule.line","      var ocol = rule.column","      for (var line = 0; line < lines.length; line++) {","        mapper.addMapping({","          generated: { line: line + 1, column: 1 },","          original: { line: oline, column: ocol },","          source: filename","        })","        mapper.addMapping({","          generated: { line: line + 1, column: lines[line].length },","          original: { line: oline, column: ocol + lines[line].length },","          source: filename","        })","        oline++","        ocol = 1","      }","","      processor.process(rule.content, { map: { prev: mapper.toString() } })","        .then(function (result) { next() })","        .catch(handleError)","    } catch (e) {","      handleError(e)","    }","","    function handleError (error) {","      if (options.skipErrors) {","        duplex.emit('warning', error)","        next()","      } else {","        next(error)","      }","    }","  }","","  function pushUsage (usage) {","    out.push(usage)","  }","}",""],"l":{"1":1,"2":1,"3":1,"4":1,"6":1,"7":1,"9":1,"15":1,"16":1,"17":1,"19":1,"21":1,"22":1,"24":1,"25":1,"31":1,"33":0,"36":1,"38":1,"39":0,"40":0,"42":0,"43":0,"44":0,"45":0,"46":0,"51":0,"56":0,"57":0,"60":0,"61":0,"64":0,"67":1,"68":0,"69":0,"70":0,"72":0,"77":1,"78":0}}}